2017-02-19 11:56:05,968 [Thread-9] ERROR org.eclipse.jgit.util.FS - error: cannot spawn echo: No such file or directory
error: unable to start editor 'echo'

2017-02-19 11:59:03,834 [Worker-12] INFO  o.e.m.c.i.l.LifecycleMappingFactory - Using org.maven.ide.eclipse.wtp.WarLifecycleMapping lifecycle mapping for MavenProject: com.utkcorp.carzonline:CarzOnlineClient:0.0.1-SNAPSHOT @ D:\CodeRipper\CarzOnline\CarzOnlineClient\pom.xml.
2017-02-19 12:00:14,502 [Worker-12] INFO  o.e.m.j.i.AbstractJavaProjectConfigurator - Adding source folder /CarzOnlineClient/src/main/java
2017-02-19 12:00:14,503 [Worker-12] INFO  o.e.m.j.i.AbstractJavaProjectConfigurator - Adding resource folder /CarzOnlineClient/src/main/resources
2017-02-19 12:00:14,504 [Worker-12] INFO  o.e.m.j.i.AbstractJavaProjectConfigurator - Adding source folder /CarzOnlineClient/src/test/java
2017-02-19 12:00:31,770 [Worker-12] INFO  o.e.m.c.i.p.ProjectConfigurationManager - Imported and configured 1 project(s) in 162 sec
2017-02-19 12:00:41,151 [Worker-12] WARN  o.e.m.c.i.embedder.EclipseLogger - Using platform encoding (Cp1252 actually) to copy filtered resources, i.e. build is platform dependent!
2017-02-19 12:00:41,290 [Worker-12] INFO  o.e.m.c.i.embedder.EclipseLogger - Copying 0 resource
2017-02-19 12:00:41,298 [Worker-12] WARN  o.e.m.c.i.embedder.EclipseLogger - Using platform encoding (Cp1252 actually) to copy filtered resources, i.e. build is platform dependent!
2017-02-19 12:00:41,300 [Worker-12] INFO  o.e.m.c.i.embedder.EclipseLogger - skip non existing resourceDirectory D:\CodeRipper\CarzOnline\CarzOnlineClient\src\test\resources
2017-02-19 12:04:12,029 [Worker-1] INFO  o.e.m.c.i.p.ProjectConfigurationManager - Update started
2017-02-19 12:04:26,193 [Worker-1] INFO  o.e.m.c.i.l.LifecycleMappingFactory - Using org.maven.ide.eclipse.wtp.WarLifecycleMapping lifecycle mapping for MavenProject: com.utkcorp.carzonline:CarzOnlineClient:0.0.1-SNAPSHOT @ D:\CodeRipper\CarzOnline\CarzOnlineClient\pom.xml.
2017-02-19 12:04:39,426 [Worker-1] INFO  o.e.m.j.i.AbstractJavaProjectConfigurator - Adding source folder /CarzOnlineClient/src/main/java
2017-02-19 12:04:39,427 [Worker-1] INFO  o.e.m.j.i.AbstractJavaProjectConfigurator - Adding resource folder /CarzOnlineClient/src/main/resources
2017-02-19 12:04:39,427 [Worker-1] INFO  o.e.m.j.i.AbstractJavaProjectConfigurator - Adding source folder /CarzOnlineClient/src/test/java
2017-02-19 12:04:43,444 [Worker-1] INFO  o.e.m.w.i.f.ResourceFilteringBuildParticipant - Cleaning filtered folder for CarzOnlineClient
2017-02-19 12:04:43,989 [Worker-1] INFO  o.e.m.c.i.p.ProjectConfigurationManager - Update completed: 31 sec
2017-02-19 12:04:44,506 [Worker-6] WARN  o.e.m.c.i.embedder.EclipseLogger - Using platform encoding (Cp1252 actually) to copy filtered resources, i.e. build is platform dependent!
2017-02-19 12:04:44,552 [Worker-6] INFO  o.e.m.c.i.embedder.EclipseLogger - Copying 0 resource
2017-02-19 12:04:44,557 [Worker-6] WARN  o.e.m.c.i.embedder.EclipseLogger - Using platform encoding (Cp1252 actually) to copy filtered resources, i.e. build is platform dependent!
2017-02-19 12:04:44,558 [Worker-6] INFO  o.e.m.c.i.embedder.EclipseLogger - skip non existing resourceDirectory D:\CodeRipper\CarzOnline\CarzOnlineClient\src\test\resources
2017-02-19 12:04:44,558 [Worker-6] INFO  o.e.m.w.i.f.ResourceFilteringBuildParticipant - Changed resources require a complete clean of filtered resources of CarzOnlineClient
2017-02-19 12:04:44,559 [Worker-6] INFO  o.e.m.w.i.f.ResourceFilteringBuildParticipant - Executing resource filtering for CarzOnlineClient
2017-02-19 12:04:44,570 [Worker-6] WARN  o.e.m.c.i.embedder.EclipseLogger - Using platform encoding (Cp1252 actually) to copy filtered resources, i.e. build is platform dependent!
2017-02-19 13:09:18,710 [Worker-34] WARN  o.e.m.c.i.embedder.EclipseLogger - Using platform encoding (Cp1252 actually) to copy filtered resources, i.e. build is platform dependent!
2017-02-19 13:09:19,307 [Worker-34] INFO  o.e.m.c.i.embedder.EclipseLogger - Copying 0 resource
2017-02-19 13:09:19,317 [Worker-34] WARN  o.e.m.c.i.embedder.EclipseLogger - Using platform encoding (Cp1252 actually) to copy filtered resources, i.e. build is platform dependent!
2017-02-19 13:09:19,319 [Worker-34] INFO  o.e.m.c.i.embedder.EclipseLogger - skip non existing resourceDirectory D:\CodeRipper\CarzOnline\CarzOnlineClient\src\test\resources
2017-03-03 09:30:58,492 [Thread-5] ERROR org.eclipse.jgit.util.FS - error: cannot spawn echo: No such file or directory
error: unable to start editor 'echo'

2017-03-03 09:32:10,608 [Worker-2] INFO  o.e.m.c.i.l.LifecycleMappingFactory - Using org.maven.ide.eclipse.wtp.WarLifecycleMapping lifecycle mapping for MavenProject: com.utkcorp.carzonline:CarzOnlineClient:0.0.1-SNAPSHOT @ D:\CodeRipper\CarzOnline\CarzOnlineClient\pom.xml.
2017-03-03 09:34:32,625 [Worker-15] WARN  o.e.m.c.i.embedder.EclipseLogger - Using platform encoding (Cp1252 actually) to copy filtered resources, i.e. build is platform dependent!
2017-03-03 09:34:32,713 [Worker-15] INFO  o.e.m.c.i.embedder.EclipseLogger - Copying 0 resource
2017-03-03 09:34:32,720 [Worker-15] WARN  o.e.m.c.i.embedder.EclipseLogger - Using platform encoding (Cp1252 actually) to copy filtered resources, i.e. build is platform dependent!
2017-03-03 09:34:32,744 [Worker-15] INFO  o.e.m.c.i.embedder.EclipseLogger - skip non existing resourceDirectory D:\CodeRipper\CarzOnline\CarzOnlineClient\src\test\resources
2017-03-11 09:41:43,455 [Thread-13] ERROR org.eclipse.jgit.util.FS - error: cannot spawn echo: No such file or directory
error: unable to start editor 'echo'

2017-03-11 09:41:47,498 [Worker-1] INFO  o.e.m.c.i.l.LifecycleMappingFactory - Using org.maven.ide.eclipse.wtp.WarLifecycleMapping lifecycle mapping for MavenProject: com.utkcorp.carzonline:CarzOnlineClient:0.0.1-SNAPSHOT @ D:\CodeRipper\CarzOnline\CarzOnlineClient\pom.xml.
2017-03-11 09:41:47,498 [Worker-4] INFO  o.e.m.c.i.l.LifecycleMappingFactory - Using org.maven.ide.eclipse.wtp.WarLifecycleMapping lifecycle mapping for MavenProject: com.utkcorp.carzonline:CarzOnlineClient:0.0.1-SNAPSHOT @ D:\CodeRipper\CarzOnline\CarzOnlineClient\pom.xml.
2017-03-11 09:41:51,994 [Worker-4] WARN  o.e.m.c.i.embedder.EclipseLogger - Using platform encoding (Cp1252 actually) to copy filtered resources, i.e. build is platform dependent!
2017-03-11 09:41:52,015 [Worker-4] INFO  o.e.m.c.i.embedder.EclipseLogger - Copying 0 resource
2017-03-11 09:41:53,213 [Worker-1] INFO  o.e.m.c.i.l.LifecycleMappingFactory - Using org.maven.ide.eclipse.wtp.WarLifecycleMapping lifecycle mapping for MavenProject: com.utkcorp.carzonline:CarzOnlineClient:0.0.1-SNAPSHOT @ D:\CodeRipper\CarzOnline\CarzOnlineClient\pom.xml.
2017-03-11 09:41:53,213 [Worker-4] WARN  o.e.m.c.i.embedder.EclipseLogger - Using platform encoding (Cp1252 actually) to copy filtered resources, i.e. build is platform dependent!
2017-03-11 09:41:53,214 [Worker-4] INFO  o.e.m.c.i.embedder.EclipseLogger - skip non existing resourceDirectory D:\CodeRipper\CarzOnline\CarzOnlineClient\src\test\resources
2017-03-11 09:41:56,448 [Worker-6] WARN  o.e.m.c.i.embedder.EclipseLogger - Using platform encoding (Cp1252 actually) to copy filtered resources, i.e. build is platform dependent!
2017-03-11 09:41:56,453 [Worker-6] INFO  o.e.m.c.i.embedder.EclipseLogger - Copying 0 resource
2017-03-11 09:41:56,455 [Worker-6] WARN  o.e.m.c.i.embedder.EclipseLogger - Using platform encoding (Cp1252 actually) to copy filtered resources, i.e. build is platform dependent!
2017-03-11 09:41:56,456 [Worker-6] INFO  o.e.m.c.i.embedder.EclipseLogger - skip non existing resourceDirectory D:\CodeRipper\CarzOnline\CarzOnlineClient\src\test\resources
2017-03-11 09:44:15,662 [Worker-11] WARN  o.e.m.c.i.embedder.EclipseLogger - Using platform encoding (Cp1252 actually) to copy filtered resources, i.e. build is platform dependent!
2017-03-11 09:44:15,664 [Worker-11] INFO  o.e.m.c.i.embedder.EclipseLogger - Copying 0 resource
2017-03-11 09:44:15,672 [Worker-11] WARN  o.e.m.c.i.embedder.EclipseLogger - Using platform encoding (Cp1252 actually) to copy filtered resources, i.e. build is platform dependent!
2017-03-11 09:44:15,673 [Worker-11] INFO  o.e.m.c.i.embedder.EclipseLogger - skip non existing resourceDirectory D:\CodeRipper\CarzOnline\CarzOnlineClient\src\test\resources
2017-03-11 09:44:30,187 [Worker-2] WARN  o.e.m.c.i.embedder.EclipseLogger - Using platform encoding (Cp1252 actually) to copy filtered resources, i.e. build is platform dependent!
2017-03-11 09:44:30,189 [Worker-2] INFO  o.e.m.c.i.embedder.EclipseLogger - Copying 0 resource
2017-03-11 09:44:30,192 [Worker-2] WARN  o.e.m.c.i.embedder.EclipseLogger - Using platform encoding (Cp1252 actually) to copy filtered resources, i.e. build is platform dependent!
2017-03-11 09:44:30,193 [Worker-2] INFO  o.e.m.c.i.embedder.EclipseLogger - skip non existing resourceDirectory D:\CodeRipper\CarzOnline\CarzOnlineClient\src\test\resources
2017-03-11 09:44:35,638 [Worker-13] WARN  o.e.m.c.i.embedder.EclipseLogger - Using platform encoding (Cp1252 actually) to copy filtered resources, i.e. build is platform dependent!
2017-03-11 09:44:35,639 [Worker-13] INFO  o.e.m.c.i.embedder.EclipseLogger - Copying 0 resource
2017-03-11 09:44:35,643 [Worker-13] WARN  o.e.m.c.i.embedder.EclipseLogger - Using platform encoding (Cp1252 actually) to copy filtered resources, i.e. build is platform dependent!
2017-03-11 09:44:35,644 [Worker-13] INFO  o.e.m.c.i.embedder.EclipseLogger - skip non existing resourceDirectory D:\CodeRipper\CarzOnline\CarzOnlineClient\src\test\resources
2017-03-11 09:45:06,331 [Worker-15] WARN  o.e.m.c.i.embedder.EclipseLogger - Using platform encoding (Cp1252 actually) to copy filtered resources, i.e. build is platform dependent!
2017-03-11 09:45:06,333 [Worker-15] INFO  o.e.m.c.i.embedder.EclipseLogger - Copying 0 resource
2017-03-11 09:45:06,336 [Worker-15] WARN  o.e.m.c.i.embedder.EclipseLogger - Using platform encoding (Cp1252 actually) to copy filtered resources, i.e. build is platform dependent!
2017-03-11 09:45:06,337 [Worker-15] INFO  o.e.m.c.i.embedder.EclipseLogger - skip non existing resourceDirectory D:\CodeRipper\CarzOnline\CarzOnlineClient\src\test\resources
2017-03-11 09:45:19,670 [Worker-0] WARN  o.e.m.c.i.embedder.EclipseLogger - Using platform encoding (Cp1252 actually) to copy filtered resources, i.e. build is platform dependent!
2017-03-11 09:45:19,677 [Worker-0] INFO  o.e.m.c.i.embedder.EclipseLogger - Copying 0 resource
2017-03-11 09:45:19,679 [Worker-0] WARN  o.e.m.c.i.embedder.EclipseLogger - Using platform encoding (Cp1252 actually) to copy filtered resources, i.e. build is platform dependent!
2017-03-11 09:45:19,680 [Worker-0] INFO  o.e.m.c.i.embedder.EclipseLogger - skip non existing resourceDirectory D:\CodeRipper\CarzOnline\CarzOnlineClient\src\test\resources
2017-03-11 09:47:22,222 [Worker-15] WARN  o.e.m.c.i.embedder.EclipseLogger - Using platform encoding (Cp1252 actually) to copy filtered resources, i.e. build is platform dependent!
2017-03-11 09:47:22,224 [Worker-15] INFO  o.e.m.c.i.embedder.EclipseLogger - Copying 0 resource
2017-03-11 09:47:22,230 [Worker-15] WARN  o.e.m.c.i.embedder.EclipseLogger - Using platform encoding (Cp1252 actually) to copy filtered resources, i.e. build is platform dependent!
2017-03-11 09:47:22,231 [Worker-15] INFO  o.e.m.c.i.embedder.EclipseLogger - skip non existing resourceDirectory D:\CodeRipper\CarzOnline\CarzOnlineClient\src\test\resources
2017-03-11 09:48:36,202 [Worker-8] WARN  o.e.m.c.i.embedder.EclipseLogger - Using platform encoding (Cp1252 actually) to copy filtered resources, i.e. build is platform dependent!
2017-03-11 09:48:36,203 [Worker-8] INFO  o.e.m.c.i.embedder.EclipseLogger - Copying 0 resource
2017-03-11 09:48:36,206 [Worker-8] WARN  o.e.m.c.i.embedder.EclipseLogger - Using platform encoding (Cp1252 actually) to copy filtered resources, i.e. build is platform dependent!
2017-03-11 09:48:36,207 [Worker-8] INFO  o.e.m.c.i.embedder.EclipseLogger - skip non existing resourceDirectory D:\CodeRipper\CarzOnline\CarzOnlineClient\src\test\resources
2017-03-11 09:49:03,455 [Worker-10] WARN  o.e.m.c.i.embedder.EclipseLogger - Using platform encoding (Cp1252 actually) to copy filtered resources, i.e. build is platform dependent!
2017-03-11 09:49:03,522 [Worker-10] INFO  o.e.m.c.i.embedder.EclipseLogger - Copying 0 resource
2017-03-11 09:49:03,524 [Worker-10] WARN  o.e.m.c.i.embedder.EclipseLogger - Using platform encoding (Cp1252 actually) to copy filtered resources, i.e. build is platform dependent!
2017-03-11 09:49:03,525 [Worker-10] INFO  o.e.m.c.i.embedder.EclipseLogger - skip non existing resourceDirectory D:\CodeRipper\CarzOnline\CarzOnlineClient\src\test\resources
2017-03-11 09:49:20,861 [Worker-8] WARN  o.e.m.c.i.embedder.EclipseLogger - Using platform encoding (Cp1252 actually) to copy filtered resources, i.e. build is platform dependent!
2017-03-11 09:49:20,862 [Worker-8] INFO  o.e.m.c.i.embedder.EclipseLogger - Copying 0 resource
2017-03-11 09:49:20,866 [Worker-8] WARN  o.e.m.c.i.embedder.EclipseLogger - Using platform encoding (Cp1252 actually) to copy filtered resources, i.e. build is platform dependent!
2017-03-11 09:49:20,867 [Worker-8] INFO  o.e.m.c.i.embedder.EclipseLogger - skip non existing resourceDirectory D:\CodeRipper\CarzOnline\CarzOnlineClient\src\test\resources
2017-03-11 09:50:05,059 [Worker-7] WARN  o.e.m.c.i.embedder.EclipseLogger - Using platform encoding (Cp1252 actually) to copy filtered resources, i.e. build is platform dependent!
2017-03-11 09:50:05,061 [Worker-7] INFO  o.e.m.c.i.embedder.EclipseLogger - Copying 0 resource
2017-03-11 09:50:05,064 [Worker-7] WARN  o.e.m.c.i.embedder.EclipseLogger - Using platform encoding (Cp1252 actually) to copy filtered resources, i.e. build is platform dependent!
2017-03-11 09:50:05,065 [Worker-7] INFO  o.e.m.c.i.embedder.EclipseLogger - skip non existing resourceDirectory D:\CodeRipper\CarzOnline\CarzOnlineClient\src\test\resources
2017-03-11 09:50:34,385 [Worker-8] WARN  o.e.m.c.i.embedder.EclipseLogger - Using platform encoding (Cp1252 actually) to copy filtered resources, i.e. build is platform dependent!
2017-03-11 09:50:34,386 [Worker-8] INFO  o.e.m.c.i.embedder.EclipseLogger - Copying 0 resource
2017-03-11 09:50:34,388 [Worker-8] WARN  o.e.m.c.i.embedder.EclipseLogger - Using platform encoding (Cp1252 actually) to copy filtered resources, i.e. build is platform dependent!
2017-03-11 09:50:34,389 [Worker-8] INFO  o.e.m.c.i.embedder.EclipseLogger - skip non existing resourceDirectory D:\CodeRipper\CarzOnline\CarzOnlineClient\src\test\resources
2017-03-11 09:50:37,850 [Worker-11] WARN  o.e.m.c.i.embedder.EclipseLogger - Using platform encoding (Cp1252 actually) to copy filtered resources, i.e. build is platform dependent!
2017-03-11 09:50:37,851 [Worker-11] INFO  o.e.m.c.i.embedder.EclipseLogger - Copying 0 resource
2017-03-11 09:50:37,854 [Worker-11] WARN  o.e.m.c.i.embedder.EclipseLogger - Using platform encoding (Cp1252 actually) to copy filtered resources, i.e. build is platform dependent!
2017-03-11 09:50:37,855 [Worker-11] INFO  o.e.m.c.i.embedder.EclipseLogger - skip non existing resourceDirectory D:\CodeRipper\CarzOnline\CarzOnlineClient\src\test\resources
2017-03-11 09:50:58,939 [Worker-8] WARN  o.e.m.c.i.embedder.EclipseLogger - Using platform encoding (Cp1252 actually) to copy filtered resources, i.e. build is platform dependent!
2017-03-11 09:50:58,940 [Worker-8] INFO  o.e.m.c.i.embedder.EclipseLogger - Copying 0 resource
2017-03-11 09:50:58,942 [Worker-8] WARN  o.e.m.c.i.embedder.EclipseLogger - Using platform encoding (Cp1252 actually) to copy filtered resources, i.e. build is platform dependent!
2017-03-11 09:50:58,943 [Worker-8] INFO  o.e.m.c.i.embedder.EclipseLogger - skip non existing resourceDirectory D:\CodeRipper\CarzOnline\CarzOnlineClient\src\test\resources
2017-03-11 09:51:23,201 [Worker-0] WARN  o.e.m.c.i.embedder.EclipseLogger - Using platform encoding (Cp1252 actually) to copy filtered resources, i.e. build is platform dependent!
2017-03-11 09:51:23,203 [Worker-0] INFO  o.e.m.c.i.embedder.EclipseLogger - Copying 0 resource
2017-03-11 09:51:23,210 [Worker-0] WARN  o.e.m.c.i.embedder.EclipseLogger - Using platform encoding (Cp1252 actually) to copy filtered resources, i.e. build is platform dependent!
2017-03-11 09:51:23,211 [Worker-0] INFO  o.e.m.c.i.embedder.EclipseLogger - skip non existing resourceDirectory D:\CodeRipper\CarzOnline\CarzOnlineClient\src\test\resources
2017-03-11 09:52:01,394 [Worker-12] WARN  o.e.m.c.i.embedder.EclipseLogger - Using platform encoding (Cp1252 actually) to copy filtered resources, i.e. build is platform dependent!
2017-03-11 09:52:01,395 [Worker-12] INFO  o.e.m.c.i.embedder.EclipseLogger - Copying 0 resource
2017-03-11 09:52:01,398 [Worker-12] WARN  o.e.m.c.i.embedder.EclipseLogger - Using platform encoding (Cp1252 actually) to copy filtered resources, i.e. build is platform dependent!
2017-03-11 09:52:01,399 [Worker-12] INFO  o.e.m.c.i.embedder.EclipseLogger - skip non existing resourceDirectory D:\CodeRipper\CarzOnline\CarzOnlineClient\src\test\resources
2017-03-11 09:53:03,761 [Worker-15] WARN  o.e.m.c.i.embedder.EclipseLogger - Using platform encoding (Cp1252 actually) to copy filtered resources, i.e. build is platform dependent!
2017-03-11 09:53:03,762 [Worker-15] INFO  o.e.m.c.i.embedder.EclipseLogger - Copying 0 resource
2017-03-11 09:53:03,764 [Worker-15] WARN  o.e.m.c.i.embedder.EclipseLogger - Using platform encoding (Cp1252 actually) to copy filtered resources, i.e. build is platform dependent!
2017-03-11 09:53:03,765 [Worker-15] INFO  o.e.m.c.i.embedder.EclipseLogger - skip non existing resourceDirectory D:\CodeRipper\CarzOnline\CarzOnlineClient\src\test\resources
2017-03-11 09:53:22,175 [Worker-11] WARN  o.e.m.c.i.embedder.EclipseLogger - Using platform encoding (Cp1252 actually) to copy filtered resources, i.e. build is platform dependent!
2017-03-11 09:53:22,176 [Worker-11] INFO  o.e.m.c.i.embedder.EclipseLogger - Copying 0 resource
2017-03-11 09:53:22,179 [Worker-11] WARN  o.e.m.c.i.embedder.EclipseLogger - Using platform encoding (Cp1252 actually) to copy filtered resources, i.e. build is platform dependent!
2017-03-11 09:53:22,181 [Worker-11] INFO  o.e.m.c.i.embedder.EclipseLogger - skip non existing resourceDirectory D:\CodeRipper\CarzOnline\CarzOnlineClient\src\test\resources
2017-03-11 09:53:35,487 [Worker-0] WARN  o.e.m.c.i.embedder.EclipseLogger - Using platform encoding (Cp1252 actually) to copy filtered resources, i.e. build is platform dependent!
2017-03-11 09:53:35,488 [Worker-0] INFO  o.e.m.c.i.embedder.EclipseLogger - Copying 0 resource
2017-03-11 09:53:35,491 [Worker-0] WARN  o.e.m.c.i.embedder.EclipseLogger - Using platform encoding (Cp1252 actually) to copy filtered resources, i.e. build is platform dependent!
2017-03-11 09:53:35,492 [Worker-0] INFO  o.e.m.c.i.embedder.EclipseLogger - skip non existing resourceDirectory D:\CodeRipper\CarzOnline\CarzOnlineClient\src\test\resources
2017-03-11 09:53:45,612 [Worker-10] WARN  o.e.m.c.i.embedder.EclipseLogger - Using platform encoding (Cp1252 actually) to copy filtered resources, i.e. build is platform dependent!
2017-03-11 09:53:45,613 [Worker-10] INFO  o.e.m.c.i.embedder.EclipseLogger - Copying 0 resource
2017-03-11 09:53:45,615 [Worker-10] WARN  o.e.m.c.i.embedder.EclipseLogger - Using platform encoding (Cp1252 actually) to copy filtered resources, i.e. build is platform dependent!
2017-03-11 09:53:45,615 [Worker-10] INFO  o.e.m.c.i.embedder.EclipseLogger - skip non existing resourceDirectory D:\CodeRipper\CarzOnline\CarzOnlineClient\src\test\resources
2017-03-11 09:54:44,832 [Worker-15] WARN  o.e.m.c.i.embedder.EclipseLogger - Using platform encoding (Cp1252 actually) to copy filtered resources, i.e. build is platform dependent!
2017-03-11 09:54:44,833 [Worker-15] INFO  o.e.m.c.i.embedder.EclipseLogger - Copying 0 resource
2017-03-11 09:54:44,835 [Worker-15] WARN  o.e.m.c.i.embedder.EclipseLogger - Using platform encoding (Cp1252 actually) to copy filtered resources, i.e. build is platform dependent!
2017-03-11 09:54:44,836 [Worker-15] INFO  o.e.m.c.i.embedder.EclipseLogger - skip non existing resourceDirectory D:\CodeRipper\CarzOnline\CarzOnlineClient\src\test\resources
2017-03-11 09:55:02,799 [Worker-0] WARN  o.e.m.c.i.embedder.EclipseLogger - Using platform encoding (Cp1252 actually) to copy filtered resources, i.e. build is platform dependent!
2017-03-11 09:55:02,800 [Worker-0] INFO  o.e.m.c.i.embedder.EclipseLogger - Copying 0 resource
2017-03-11 09:55:02,802 [Worker-0] WARN  o.e.m.c.i.embedder.EclipseLogger - Using platform encoding (Cp1252 actually) to copy filtered resources, i.e. build is platform dependent!
2017-03-11 09:55:02,803 [Worker-0] INFO  o.e.m.c.i.embedder.EclipseLogger - skip non existing resourceDirectory D:\CodeRipper\CarzOnline\CarzOnlineClient\src\test\resources
2017-03-11 09:55:13,031 [Worker-8] WARN  o.e.m.c.i.embedder.EclipseLogger - Using platform encoding (Cp1252 actually) to copy filtered resources, i.e. build is platform dependent!
2017-03-11 09:55:13,033 [Worker-8] INFO  o.e.m.c.i.embedder.EclipseLogger - Copying 0 resource
2017-03-11 09:55:13,037 [Worker-8] WARN  o.e.m.c.i.embedder.EclipseLogger - Using platform encoding (Cp1252 actually) to copy filtered resources, i.e. build is platform dependent!
2017-03-11 09:55:13,037 [Worker-8] INFO  o.e.m.c.i.embedder.EclipseLogger - skip non existing resourceDirectory D:\CodeRipper\CarzOnline\CarzOnlineClient\src\test\resources
2017-03-11 09:56:21,816 [Worker-8] WARN  o.e.m.c.i.embedder.EclipseLogger - Using platform encoding (Cp1252 actually) to copy filtered resources, i.e. build is platform dependent!
2017-03-11 09:56:21,818 [Worker-8] INFO  o.e.m.c.i.embedder.EclipseLogger - Copying 0 resource
2017-03-11 09:56:21,820 [Worker-8] WARN  o.e.m.c.i.embedder.EclipseLogger - Using platform encoding (Cp1252 actually) to copy filtered resources, i.e. build is platform dependent!
2017-03-11 09:56:21,821 [Worker-8] INFO  o.e.m.c.i.embedder.EclipseLogger - skip non existing resourceDirectory D:\CodeRipper\CarzOnline\CarzOnlineClient\src\test\resources
2017-03-11 09:56:45,405 [Worker-13] WARN  o.e.m.c.i.embedder.EclipseLogger - Using platform encoding (Cp1252 actually) to copy filtered resources, i.e. build is platform dependent!
2017-03-11 09:56:45,407 [Worker-13] INFO  o.e.m.c.i.embedder.EclipseLogger - Copying 0 resource
2017-03-11 09:56:45,409 [Worker-13] WARN  o.e.m.c.i.embedder.EclipseLogger - Using platform encoding (Cp1252 actually) to copy filtered resources, i.e. build is platform dependent!
2017-03-11 09:56:45,410 [Worker-13] INFO  o.e.m.c.i.embedder.EclipseLogger - skip non existing resourceDirectory D:\CodeRipper\CarzOnline\CarzOnlineClient\src\test\resources
2017-03-11 09:57:09,759 [Worker-16] WARN  o.e.m.c.i.embedder.EclipseLogger - Using platform encoding (Cp1252 actually) to copy filtered resources, i.e. build is platform dependent!
2017-03-11 09:57:09,760 [Worker-16] INFO  o.e.m.c.i.embedder.EclipseLogger - Copying 0 resource
2017-03-11 09:57:09,762 [Worker-16] WARN  o.e.m.c.i.embedder.EclipseLogger - Using platform encoding (Cp1252 actually) to copy filtered resources, i.e. build is platform dependent!
2017-03-11 09:57:09,762 [Worker-16] INFO  o.e.m.c.i.embedder.EclipseLogger - skip non existing resourceDirectory D:\CodeRipper\CarzOnline\CarzOnlineClient\src\test\resources
2017-03-11 09:57:43,573 [Worker-12] WARN  o.e.m.c.i.embedder.EclipseLogger - Using platform encoding (Cp1252 actually) to copy filtered resources, i.e. build is platform dependent!
2017-03-11 09:57:43,576 [Worker-12] INFO  o.e.m.c.i.embedder.EclipseLogger - Copying 0 resource
2017-03-11 09:57:43,580 [Worker-12] WARN  o.e.m.c.i.embedder.EclipseLogger - Using platform encoding (Cp1252 actually) to copy filtered resources, i.e. build is platform dependent!
2017-03-11 09:57:43,582 [Worker-12] INFO  o.e.m.c.i.embedder.EclipseLogger - skip non existing resourceDirectory D:\CodeRipper\CarzOnline\CarzOnlineClient\src\test\resources
2017-03-11 09:59:09,400 [Worker-20] WARN  o.e.m.c.i.embedder.EclipseLogger - Using platform encoding (Cp1252 actually) to copy filtered resources, i.e. build is platform dependent!
2017-03-11 09:59:09,401 [Worker-20] INFO  o.e.m.c.i.embedder.EclipseLogger - Copying 0 resource
2017-03-11 09:59:09,403 [Worker-20] WARN  o.e.m.c.i.embedder.EclipseLogger - Using platform encoding (Cp1252 actually) to copy filtered resources, i.e. build is platform dependent!
2017-03-11 09:59:09,404 [Worker-20] INFO  o.e.m.c.i.embedder.EclipseLogger - skip non existing resourceDirectory D:\CodeRipper\CarzOnline\CarzOnlineClient\src\test\resources
2017-03-11 09:59:13,742 [Worker-12] WARN  o.e.m.c.i.embedder.EclipseLogger - Using platform encoding (Cp1252 actually) to copy filtered resources, i.e. build is platform dependent!
2017-03-11 09:59:13,743 [Worker-12] INFO  o.e.m.c.i.embedder.EclipseLogger - Copying 0 resource
2017-03-11 09:59:13,745 [Worker-12] WARN  o.e.m.c.i.embedder.EclipseLogger - Using platform encoding (Cp1252 actually) to copy filtered resources, i.e. build is platform dependent!
2017-03-11 09:59:13,746 [Worker-12] INFO  o.e.m.c.i.embedder.EclipseLogger - skip non existing resourceDirectory D:\CodeRipper\CarzOnline\CarzOnlineClient\src\test\resources
2017-03-11 09:59:16,796 [Worker-13] WARN  o.e.m.c.i.embedder.EclipseLogger - Using platform encoding (Cp1252 actually) to copy filtered resources, i.e. build is platform dependent!
2017-03-11 09:59:16,798 [Worker-13] INFO  o.e.m.c.i.embedder.EclipseLogger - Copying 0 resource
2017-03-11 09:59:16,800 [Worker-13] WARN  o.e.m.c.i.embedder.EclipseLogger - Using platform encoding (Cp1252 actually) to copy filtered resources, i.e. build is platform dependent!
2017-03-11 09:59:16,800 [Worker-13] INFO  o.e.m.c.i.embedder.EclipseLogger - skip non existing resourceDirectory D:\CodeRipper\CarzOnline\CarzOnlineClient\src\test\resources
2017-03-11 09:59:28,950 [Worker-13] WARN  o.e.m.c.i.embedder.EclipseLogger - Using platform encoding (Cp1252 actually) to copy filtered resources, i.e. build is platform dependent!
2017-03-11 09:59:28,952 [Worker-13] INFO  o.e.m.c.i.embedder.EclipseLogger - Copying 0 resource
2017-03-11 09:59:28,955 [Worker-13] WARN  o.e.m.c.i.embedder.EclipseLogger - Using platform encoding (Cp1252 actually) to copy filtered resources, i.e. build is platform dependent!
2017-03-11 09:59:28,957 [Worker-13] INFO  o.e.m.c.i.embedder.EclipseLogger - skip non existing resourceDirectory D:\CodeRipper\CarzOnline\CarzOnlineClient\src\test\resources
2017-03-11 10:00:20,249 [Worker-18] WARN  o.e.m.c.i.embedder.EclipseLogger - Using platform encoding (Cp1252 actually) to copy filtered resources, i.e. build is platform dependent!
2017-03-11 10:00:20,250 [Worker-18] INFO  o.e.m.c.i.embedder.EclipseLogger - Copying 0 resource
2017-03-11 10:00:20,254 [Worker-18] WARN  o.e.m.c.i.embedder.EclipseLogger - Using platform encoding (Cp1252 actually) to copy filtered resources, i.e. build is platform dependent!
2017-03-11 10:00:20,255 [Worker-18] INFO  o.e.m.c.i.embedder.EclipseLogger - skip non existing resourceDirectory D:\CodeRipper\CarzOnline\CarzOnlineClient\src\test\resources
2017-03-11 10:01:49,532 [Worker-19] WARN  o.e.m.c.i.embedder.EclipseLogger - Using platform encoding (Cp1252 actually) to copy filtered resources, i.e. build is platform dependent!
2017-03-11 10:01:49,533 [Worker-19] INFO  o.e.m.c.i.embedder.EclipseLogger - Copying 0 resource
2017-03-11 10:01:49,537 [Worker-19] WARN  o.e.m.c.i.embedder.EclipseLogger - Using platform encoding (Cp1252 actually) to copy filtered resources, i.e. build is platform dependent!
2017-03-11 10:01:49,538 [Worker-19] INFO  o.e.m.c.i.embedder.EclipseLogger - skip non existing resourceDirectory D:\CodeRipper\CarzOnline\CarzOnlineClient\src\test\resources
2017-03-11 10:05:52,202 [Worker-15] WARN  o.e.m.c.i.embedder.EclipseLogger - Using platform encoding (Cp1252 actually) to copy filtered resources, i.e. build is platform dependent!
2017-03-11 10:05:52,204 [Worker-15] INFO  o.e.m.c.i.embedder.EclipseLogger - Copying 0 resource
2017-03-11 10:05:52,207 [Worker-15] WARN  o.e.m.c.i.embedder.EclipseLogger - Using platform encoding (Cp1252 actually) to copy filtered resources, i.e. build is platform dependent!
2017-03-11 10:05:52,209 [Worker-15] INFO  o.e.m.c.i.embedder.EclipseLogger - skip non existing resourceDirectory D:\CodeRipper\CarzOnline\CarzOnlineClient\src\test\resources
2017-03-11 10:16:15,457 [Worker-32] WARN  o.e.m.c.i.embedder.EclipseLogger - Using platform encoding (Cp1252 actually) to copy filtered resources, i.e. build is platform dependent!
2017-03-11 10:16:15,460 [Worker-32] INFO  o.e.m.c.i.embedder.EclipseLogger - Copying 0 resource
2017-03-11 10:16:15,465 [Worker-32] WARN  o.e.m.c.i.embedder.EclipseLogger - Using platform encoding (Cp1252 actually) to copy filtered resources, i.e. build is platform dependent!
2017-03-11 10:16:15,466 [Worker-32] INFO  o.e.m.c.i.embedder.EclipseLogger - skip non existing resourceDirectory D:\CodeRipper\CarzOnline\CarzOnlineClient\src\test\resources
2017-03-11 10:16:28,528 [Worker-34] WARN  o.e.m.c.i.embedder.EclipseLogger - Using platform encoding (Cp1252 actually) to copy filtered resources, i.e. build is platform dependent!
2017-03-11 10:16:28,530 [Worker-34] INFO  o.e.m.c.i.embedder.EclipseLogger - Copying 0 resource
2017-03-11 10:16:28,533 [Worker-34] WARN  o.e.m.c.i.embedder.EclipseLogger - Using platform encoding (Cp1252 actually) to copy filtered resources, i.e. build is platform dependent!
2017-03-11 10:16:28,534 [Worker-34] INFO  o.e.m.c.i.embedder.EclipseLogger - skip non existing resourceDirectory D:\CodeRipper\CarzOnline\CarzOnlineClient\src\test\resources
2017-03-11 10:16:50,591 [Worker-31] WARN  o.e.m.c.i.embedder.EclipseLogger - Using platform encoding (Cp1252 actually) to copy filtered resources, i.e. build is platform dependent!
2017-03-11 10:16:50,592 [Worker-31] INFO  o.e.m.c.i.embedder.EclipseLogger - Copying 0 resource
2017-03-11 10:16:50,596 [Worker-31] WARN  o.e.m.c.i.embedder.EclipseLogger - Using platform encoding (Cp1252 actually) to copy filtered resources, i.e. build is platform dependent!
2017-03-11 10:16:50,597 [Worker-31] INFO  o.e.m.c.i.embedder.EclipseLogger - skip non existing resourceDirectory D:\CodeRipper\CarzOnline\CarzOnlineClient\src\test\resources
2017-03-11 10:17:10,378 [Worker-34] WARN  o.e.m.c.i.embedder.EclipseLogger - Using platform encoding (Cp1252 actually) to copy filtered resources, i.e. build is platform dependent!
2017-03-11 10:17:10,379 [Worker-34] INFO  o.e.m.c.i.embedder.EclipseLogger - Copying 0 resource
2017-03-11 10:17:10,383 [Worker-34] WARN  o.e.m.c.i.embedder.EclipseLogger - Using platform encoding (Cp1252 actually) to copy filtered resources, i.e. build is platform dependent!
2017-03-11 10:17:10,384 [Worker-34] INFO  o.e.m.c.i.embedder.EclipseLogger - skip non existing resourceDirectory D:\CodeRipper\CarzOnline\CarzOnlineClient\src\test\resources
2017-03-11 10:18:06,479 [Worker-37] WARN  o.e.m.c.i.embedder.EclipseLogger - Using platform encoding (Cp1252 actually) to copy filtered resources, i.e. build is platform dependent!
2017-03-11 10:18:06,481 [Worker-37] INFO  o.e.m.c.i.embedder.EclipseLogger - Copying 0 resource
2017-03-11 10:18:06,484 [Worker-37] WARN  o.e.m.c.i.embedder.EclipseLogger - Using platform encoding (Cp1252 actually) to copy filtered resources, i.e. build is platform dependent!
2017-03-11 10:18:06,485 [Worker-37] INFO  o.e.m.c.i.embedder.EclipseLogger - skip non existing resourceDirectory D:\CodeRipper\CarzOnline\CarzOnlineClient\src\test\resources
2017-03-11 10:19:07,608 [Worker-36] WARN  o.e.m.c.i.embedder.EclipseLogger - Using platform encoding (Cp1252 actually) to copy filtered resources, i.e. build is platform dependent!
2017-03-11 10:19:07,610 [Worker-36] INFO  o.e.m.c.i.embedder.EclipseLogger - Copying 0 resource
2017-03-11 10:19:07,614 [Worker-36] WARN  o.e.m.c.i.embedder.EclipseLogger - Using platform encoding (Cp1252 actually) to copy filtered resources, i.e. build is platform dependent!
2017-03-11 10:19:07,615 [Worker-36] INFO  o.e.m.c.i.embedder.EclipseLogger - skip non existing resourceDirectory D:\CodeRipper\CarzOnline\CarzOnlineClient\src\test\resources
2017-03-11 10:19:26,494 [Worker-37] WARN  o.e.m.c.i.embedder.EclipseLogger - Using platform encoding (Cp1252 actually) to copy filtered resources, i.e. build is platform dependent!
2017-03-11 10:19:26,496 [Worker-37] INFO  o.e.m.c.i.embedder.EclipseLogger - Copying 0 resource
2017-03-11 10:19:26,500 [Worker-37] WARN  o.e.m.c.i.embedder.EclipseLogger - Using platform encoding (Cp1252 actually) to copy filtered resources, i.e. build is platform dependent!
2017-03-11 10:19:26,501 [Worker-37] INFO  o.e.m.c.i.embedder.EclipseLogger - skip non existing resourceDirectory D:\CodeRipper\CarzOnline\CarzOnlineClient\src\test\resources
2017-03-11 10:20:14,065 [Worker-33] WARN  o.e.m.c.i.embedder.EclipseLogger - Using platform encoding (Cp1252 actually) to copy filtered resources, i.e. build is platform dependent!
2017-03-11 10:20:14,066 [Worker-33] INFO  o.e.m.c.i.embedder.EclipseLogger - Copying 0 resource
2017-03-11 10:20:14,072 [Worker-33] WARN  o.e.m.c.i.embedder.EclipseLogger - Using platform encoding (Cp1252 actually) to copy filtered resources, i.e. build is platform dependent!
2017-03-11 10:20:14,073 [Worker-33] INFO  o.e.m.c.i.embedder.EclipseLogger - skip non existing resourceDirectory D:\CodeRipper\CarzOnline\CarzOnlineClient\src\test\resources
2017-03-11 10:20:18,893 [Worker-36] WARN  o.e.m.c.i.embedder.EclipseLogger - Using platform encoding (Cp1252 actually) to copy filtered resources, i.e. build is platform dependent!
2017-03-11 10:20:18,894 [Worker-36] INFO  o.e.m.c.i.embedder.EclipseLogger - Copying 0 resource
2017-03-11 10:20:18,896 [Worker-36] WARN  o.e.m.c.i.embedder.EclipseLogger - Using platform encoding (Cp1252 actually) to copy filtered resources, i.e. build is platform dependent!
2017-03-11 10:20:18,897 [Worker-36] INFO  o.e.m.c.i.embedder.EclipseLogger - skip non existing resourceDirectory D:\CodeRipper\CarzOnline\CarzOnlineClient\src\test\resources
2017-03-11 10:21:32,333 [Worker-34] WARN  o.e.m.c.i.embedder.EclipseLogger - Using platform encoding (Cp1252 actually) to copy filtered resources, i.e. build is platform dependent!
2017-03-11 10:21:32,334 [Worker-34] INFO  o.e.m.c.i.embedder.EclipseLogger - Copying 0 resource
2017-03-11 10:21:32,336 [Worker-34] WARN  o.e.m.c.i.embedder.EclipseLogger - Using platform encoding (Cp1252 actually) to copy filtered resources, i.e. build is platform dependent!
2017-03-11 10:21:32,337 [Worker-34] INFO  o.e.m.c.i.embedder.EclipseLogger - skip non existing resourceDirectory D:\CodeRipper\CarzOnline\CarzOnlineClient\src\test\resources
2017-03-11 10:22:11,755 [Worker-36] WARN  o.e.m.c.i.embedder.EclipseLogger - Using platform encoding (Cp1252 actually) to copy filtered resources, i.e. build is platform dependent!
2017-03-11 10:22:11,756 [Worker-36] INFO  o.e.m.c.i.embedder.EclipseLogger - Copying 0 resource
2017-03-11 10:22:11,758 [Worker-36] WARN  o.e.m.c.i.embedder.EclipseLogger - Using platform encoding (Cp1252 actually) to copy filtered resources, i.e. build is platform dependent!
2017-03-11 10:22:11,759 [Worker-36] INFO  o.e.m.c.i.embedder.EclipseLogger - skip non existing resourceDirectory D:\CodeRipper\CarzOnline\CarzOnlineClient\src\test\resources
2017-03-11 10:35:40,156 [Worker-34] WARN  o.e.m.c.i.embedder.EclipseLogger - Using platform encoding (Cp1252 actually) to copy filtered resources, i.e. build is platform dependent!
2017-03-11 10:35:40,229 [Worker-34] INFO  o.e.m.c.i.embedder.EclipseLogger - Copying 0 resource
2017-03-11 10:35:40,233 [Worker-34] WARN  o.e.m.c.i.embedder.EclipseLogger - Using platform encoding (Cp1252 actually) to copy filtered resources, i.e. build is platform dependent!
2017-03-11 10:35:40,235 [Worker-34] INFO  o.e.m.c.i.embedder.EclipseLogger - skip non existing resourceDirectory D:\CodeRipper\CarzOnline\CarzOnlineClient\src\test\resources
2017-03-11 12:06:57,077 [Worker-64] WARN  o.e.m.c.i.embedder.EclipseLogger - Using platform encoding (Cp1252 actually) to copy filtered resources, i.e. build is platform dependent!
2017-03-11 12:06:57,152 [Worker-64] INFO  o.e.m.c.i.embedder.EclipseLogger - Copying 0 resource
2017-03-11 12:06:57,173 [Worker-64] WARN  o.e.m.c.i.embedder.EclipseLogger - Using platform encoding (Cp1252 actually) to copy filtered resources, i.e. build is platform dependent!
2017-03-11 12:06:57,174 [Worker-64] INFO  o.e.m.c.i.embedder.EclipseLogger - skip non existing resourceDirectory D:\CodeRipper\CarzOnline\CarzOnlineClient\src\test\resources
2017-03-11 12:15:11,344 [Worker-63] WARN  o.e.m.c.i.embedder.EclipseLogger - Using platform encoding (Cp1252 actually) to copy filtered resources, i.e. build is platform dependent!
2017-03-11 12:15:11,473 [Worker-63] INFO  o.e.m.c.i.embedder.EclipseLogger - Copying 0 resource
2017-03-11 12:15:11,476 [Worker-63] WARN  o.e.m.c.i.embedder.EclipseLogger - Using platform encoding (Cp1252 actually) to copy filtered resources, i.e. build is platform dependent!
2017-03-11 12:15:11,477 [Worker-63] INFO  o.e.m.c.i.embedder.EclipseLogger - skip non existing resourceDirectory D:\CodeRipper\CarzOnline\CarzOnlineClient\src\test\resources
2017-03-11 12:15:19,360 [Worker-71] WARN  o.e.m.c.i.embedder.EclipseLogger - Using platform encoding (Cp1252 actually) to copy filtered resources, i.e. build is platform dependent!
2017-03-11 12:15:19,361 [Worker-71] INFO  o.e.m.c.i.embedder.EclipseLogger - Copying 0 resource
2017-03-11 12:15:19,408 [Worker-71] WARN  o.e.m.c.i.embedder.EclipseLogger - Using platform encoding (Cp1252 actually) to copy filtered resources, i.e. build is platform dependent!
2017-03-11 12:15:19,409 [Worker-71] INFO  o.e.m.c.i.embedder.EclipseLogger - skip non existing resourceDirectory D:\CodeRipper\CarzOnline\CarzOnlineClient\src\test\resources
2017-03-11 12:15:26,449 [Worker-63] WARN  o.e.m.c.i.embedder.EclipseLogger - Using platform encoding (Cp1252 actually) to copy filtered resources, i.e. build is platform dependent!
2017-03-11 12:15:26,454 [Worker-63] INFO  o.e.m.c.i.embedder.EclipseLogger - Copying 0 resource
2017-03-11 12:15:26,460 [Worker-63] WARN  o.e.m.c.i.embedder.EclipseLogger - Using platform encoding (Cp1252 actually) to copy filtered resources, i.e. build is platform dependent!
2017-03-11 12:15:26,472 [Worker-63] INFO  o.e.m.c.i.embedder.EclipseLogger - skip non existing resourceDirectory D:\CodeRipper\CarzOnline\CarzOnlineClient\src\test\resources
2017-03-11 12:15:31,941 [Worker-71] WARN  o.e.m.c.i.embedder.EclipseLogger - Using platform encoding (Cp1252 actually) to copy filtered resources, i.e. build is platform dependent!
2017-03-11 12:15:31,942 [Worker-71] INFO  o.e.m.c.i.embedder.EclipseLogger - Copying 0 resource
2017-03-11 12:15:31,947 [Worker-71] WARN  o.e.m.c.i.embedder.EclipseLogger - Using platform encoding (Cp1252 actually) to copy filtered resources, i.e. build is platform dependent!
2017-03-11 12:15:31,948 [Worker-71] INFO  o.e.m.c.i.embedder.EclipseLogger - skip non existing resourceDirectory D:\CodeRipper\CarzOnline\CarzOnlineClient\src\test\resources
2017-03-11 12:16:52,862 [Worker-73] WARN  o.e.m.c.i.embedder.EclipseLogger - Using platform encoding (Cp1252 actually) to copy filtered resources, i.e. build is platform dependent!
2017-03-11 12:16:52,864 [Worker-73] INFO  o.e.m.c.i.embedder.EclipseLogger - Copying 0 resource
2017-03-11 12:16:52,867 [Worker-73] WARN  o.e.m.c.i.embedder.EclipseLogger - Using platform encoding (Cp1252 actually) to copy filtered resources, i.e. build is platform dependent!
2017-03-11 12:16:52,868 [Worker-73] INFO  o.e.m.c.i.embedder.EclipseLogger - skip non existing resourceDirectory D:\CodeRipper\CarzOnline\CarzOnlineClient\src\test\resources
2017-03-11 12:17:06,374 [Worker-74] WARN  o.e.m.c.i.embedder.EclipseLogger - Using platform encoding (Cp1252 actually) to copy filtered resources, i.e. build is platform dependent!
2017-03-11 12:17:06,376 [Worker-74] INFO  o.e.m.c.i.embedder.EclipseLogger - Copying 0 resource
2017-03-11 12:17:06,378 [Worker-74] WARN  o.e.m.c.i.embedder.EclipseLogger - Using platform encoding (Cp1252 actually) to copy filtered resources, i.e. build is platform dependent!
2017-03-11 12:17:06,379 [Worker-74] INFO  o.e.m.c.i.embedder.EclipseLogger - skip non existing resourceDirectory D:\CodeRipper\CarzOnline\CarzOnlineClient\src\test\resources
2017-03-11 12:17:23,877 [Worker-74] WARN  o.e.m.c.i.embedder.EclipseLogger - Using platform encoding (Cp1252 actually) to copy filtered resources, i.e. build is platform dependent!
2017-03-11 12:17:23,878 [Worker-74] INFO  o.e.m.c.i.embedder.EclipseLogger - Copying 0 resource
2017-03-11 12:17:23,881 [Worker-74] WARN  o.e.m.c.i.embedder.EclipseLogger - Using platform encoding (Cp1252 actually) to copy filtered resources, i.e. build is platform dependent!
2017-03-11 12:17:23,882 [Worker-74] INFO  o.e.m.c.i.embedder.EclipseLogger - skip non existing resourceDirectory D:\CodeRipper\CarzOnline\CarzOnlineClient\src\test\resources
2017-03-11 12:17:47,058 [Worker-71] INFO  o.e.m.c.i.e.AbstractTransferListenerAdapter - Downloading https://repo.maven.apache.org/maven2/org/springframework/spring-jdbc/4.3.5.RELEASE/spring-jdbc-4.3.5.RELEASE-sources.jar
2017-03-11 12:17:52,103 [Worker-71] INFO  o.e.m.c.i.e.AbstractTransferListenerAdapter - Downloaded https://repo.maven.apache.org/maven2/org/springframework/spring-jdbc/4.3.5.RELEASE/spring-jdbc-4.3.5.RELEASE-sources.jar
2017-03-11 12:17:55,209 [Worker-71] INFO  o.e.m.j.internal.DownloadSourcesJob - Downloaded sources for org.springframework:spring-jdbc:4.3.5.RELEASE
2017-03-11 12:17:58,807 [Worker-75] WARN  o.e.m.c.i.embedder.EclipseLogger - Using platform encoding (Cp1252 actually) to copy filtered resources, i.e. build is platform dependent!
2017-03-11 12:17:58,808 [Worker-75] INFO  o.e.m.c.i.embedder.EclipseLogger - Copying 0 resource
2017-03-11 12:17:58,812 [Worker-75] WARN  o.e.m.c.i.embedder.EclipseLogger - Using platform encoding (Cp1252 actually) to copy filtered resources, i.e. build is platform dependent!
2017-03-11 12:17:58,813 [Worker-75] INFO  o.e.m.c.i.embedder.EclipseLogger - skip non existing resourceDirectory D:\CodeRipper\CarzOnline\CarzOnlineClient\src\test\resources
2017-03-11 12:19:50,540 [Worker-72] WARN  o.e.m.c.i.embedder.EclipseLogger - Using platform encoding (Cp1252 actually) to copy filtered resources, i.e. build is platform dependent!
2017-03-11 12:19:50,542 [Worker-72] INFO  o.e.m.c.i.embedder.EclipseLogger - Copying 0 resource
2017-03-11 12:19:50,546 [Worker-72] WARN  o.e.m.c.i.embedder.EclipseLogger - Using platform encoding (Cp1252 actually) to copy filtered resources, i.e. build is platform dependent!
2017-03-11 12:19:50,547 [Worker-72] INFO  o.e.m.c.i.embedder.EclipseLogger - skip non existing resourceDirectory D:\CodeRipper\CarzOnline\CarzOnlineClient\src\test\resources
2017-03-11 12:22:22,618 [Worker-71] WARN  o.e.m.c.i.embedder.EclipseLogger - Using platform encoding (Cp1252 actually) to copy filtered resources, i.e. build is platform dependent!
2017-03-11 12:22:22,619 [Worker-71] INFO  o.e.m.c.i.embedder.EclipseLogger - Copying 0 resource
2017-03-11 12:22:22,622 [Worker-71] WARN  o.e.m.c.i.embedder.EclipseLogger - Using platform encoding (Cp1252 actually) to copy filtered resources, i.e. build is platform dependent!
2017-03-11 12:22:22,623 [Worker-71] INFO  o.e.m.c.i.embedder.EclipseLogger - skip non existing resourceDirectory D:\CodeRipper\CarzOnline\CarzOnlineClient\src\test\resources
2017-03-11 12:24:07,330 [Worker-73] WARN  o.e.m.c.i.embedder.EclipseLogger - Using platform encoding (Cp1252 actually) to copy filtered resources, i.e. build is platform dependent!
2017-03-11 12:24:07,332 [Worker-73] INFO  o.e.m.c.i.embedder.EclipseLogger - Copying 0 resource
2017-03-11 12:24:07,336 [Worker-73] WARN  o.e.m.c.i.embedder.EclipseLogger - Using platform encoding (Cp1252 actually) to copy filtered resources, i.e. build is platform dependent!
2017-03-11 12:24:07,337 [Worker-73] INFO  o.e.m.c.i.embedder.EclipseLogger - skip non existing resourceDirectory D:\CodeRipper\CarzOnline\CarzOnlineClient\src\test\resources
2017-03-11 12:24:13,499 [Worker-73] WARN  o.e.m.c.i.embedder.EclipseLogger - Using platform encoding (Cp1252 actually) to copy filtered resources, i.e. build is platform dependent!
2017-03-11 12:24:13,501 [Worker-73] INFO  o.e.m.c.i.embedder.EclipseLogger - Copying 0 resource
2017-03-11 12:24:13,504 [Worker-73] WARN  o.e.m.c.i.embedder.EclipseLogger - Using platform encoding (Cp1252 actually) to copy filtered resources, i.e. build is platform dependent!
2017-03-11 12:24:13,505 [Worker-73] INFO  o.e.m.c.i.embedder.EclipseLogger - skip non existing resourceDirectory D:\CodeRipper\CarzOnline\CarzOnlineClient\src\test\resources
2017-03-11 12:24:17,809 [Worker-63] WARN  o.e.m.c.i.embedder.EclipseLogger - Using platform encoding (Cp1252 actually) to copy filtered resources, i.e. build is platform dependent!
2017-03-11 12:24:17,811 [Worker-63] INFO  o.e.m.c.i.embedder.EclipseLogger - Copying 0 resource
2017-03-11 12:24:17,815 [Worker-63] WARN  o.e.m.c.i.embedder.EclipseLogger - Using platform encoding (Cp1252 actually) to copy filtered resources, i.e. build is platform dependent!
2017-03-11 12:24:17,816 [Worker-63] INFO  o.e.m.c.i.embedder.EclipseLogger - skip non existing resourceDirectory D:\CodeRipper\CarzOnline\CarzOnlineClient\src\test\resources
2017-03-11 12:27:09,083 [Worker-63] WARN  o.e.m.c.i.embedder.EclipseLogger - Using platform encoding (Cp1252 actually) to copy filtered resources, i.e. build is platform dependent!
2017-03-11 12:27:09,116 [Worker-63] INFO  o.e.m.c.i.embedder.EclipseLogger - Copying 1 resource
2017-03-11 12:27:09,262 [Worker-63] WARN  o.e.m.c.i.embedder.EclipseLogger - Using platform encoding (Cp1252 actually) to copy filtered resources, i.e. build is platform dependent!
2017-03-11 12:27:09,263 [Worker-63] INFO  o.e.m.c.i.embedder.EclipseLogger - skip non existing resourceDirectory D:\CodeRipper\CarzOnline\CarzOnlineClient\src\test\resources
2017-03-11 12:27:33,780 [Worker-75] WARN  o.e.m.c.i.embedder.EclipseLogger - Using platform encoding (Cp1252 actually) to copy filtered resources, i.e. build is platform dependent!
2017-03-11 12:27:33,782 [Worker-75] INFO  o.e.m.c.i.embedder.EclipseLogger - Copying 1 resource
2017-03-11 12:27:33,787 [Worker-75] WARN  o.e.m.c.i.embedder.EclipseLogger - Using platform encoding (Cp1252 actually) to copy filtered resources, i.e. build is platform dependent!
2017-03-11 12:27:33,788 [Worker-75] INFO  o.e.m.c.i.embedder.EclipseLogger - skip non existing resourceDirectory D:\CodeRipper\CarzOnline\CarzOnlineClient\src\test\resources
2017-03-11 12:27:42,137 [Worker-79] WARN  o.e.m.c.i.embedder.EclipseLogger - Using platform encoding (Cp1252 actually) to copy filtered resources, i.e. build is platform dependent!
2017-03-11 12:27:42,139 [Worker-79] INFO  o.e.m.c.i.embedder.EclipseLogger - Copying 1 resource
2017-03-11 12:27:42,145 [Worker-79] WARN  o.e.m.c.i.embedder.EclipseLogger - Using platform encoding (Cp1252 actually) to copy filtered resources, i.e. build is platform dependent!
2017-03-11 12:27:42,146 [Worker-79] INFO  o.e.m.c.i.embedder.EclipseLogger - skip non existing resourceDirectory D:\CodeRipper\CarzOnline\CarzOnlineClient\src\test\resources
2017-03-11 12:27:52,497 [Worker-63] WARN  o.e.m.c.i.embedder.EclipseLogger - Using platform encoding (Cp1252 actually) to copy filtered resources, i.e. build is platform dependent!
2017-03-11 12:27:52,498 [Worker-63] INFO  o.e.m.c.i.embedder.EclipseLogger - Copying 0 resource
2017-03-11 12:27:52,502 [Worker-63] WARN  o.e.m.c.i.embedder.EclipseLogger - Using platform encoding (Cp1252 actually) to copy filtered resources, i.e. build is platform dependent!
2017-03-11 12:27:52,503 [Worker-63] INFO  o.e.m.c.i.embedder.EclipseLogger - skip non existing resourceDirectory D:\CodeRipper\CarzOnline\CarzOnlineClient\src\test\resources
2017-03-11 12:28:03,249 [Worker-75] WARN  o.e.m.c.i.embedder.EclipseLogger - Using platform encoding (Cp1252 actually) to copy filtered resources, i.e. build is platform dependent!
2017-03-11 12:28:03,251 [Worker-75] INFO  o.e.m.c.i.embedder.EclipseLogger - Copying 1 resource
2017-03-11 12:28:03,256 [Worker-75] WARN  o.e.m.c.i.embedder.EclipseLogger - Using platform encoding (Cp1252 actually) to copy filtered resources, i.e. build is platform dependent!
2017-03-11 12:28:03,257 [Worker-75] INFO  o.e.m.c.i.embedder.EclipseLogger - skip non existing resourceDirectory D:\CodeRipper\CarzOnline\CarzOnlineClient\src\test\resources
2017-03-11 12:28:23,628 [Worker-79] WARN  o.e.m.c.i.embedder.EclipseLogger - Using platform encoding (Cp1252 actually) to copy filtered resources, i.e. build is platform dependent!
2017-03-11 12:28:23,631 [Worker-79] INFO  o.e.m.c.i.embedder.EclipseLogger - Copying 1 resource
2017-03-11 12:28:23,637 [Worker-79] WARN  o.e.m.c.i.embedder.EclipseLogger - Using platform encoding (Cp1252 actually) to copy filtered resources, i.e. build is platform dependent!
2017-03-11 12:28:23,639 [Worker-79] INFO  o.e.m.c.i.embedder.EclipseLogger - skip non existing resourceDirectory D:\CodeRipper\CarzOnline\CarzOnlineClient\src\test\resources
2017-03-11 12:28:36,091 [Worker-82] WARN  o.e.m.c.i.embedder.EclipseLogger - Using platform encoding (Cp1252 actually) to copy filtered resources, i.e. build is platform dependent!
2017-03-11 12:28:36,093 [Worker-82] INFO  o.e.m.c.i.embedder.EclipseLogger - Copying 0 resource
2017-03-11 12:28:36,097 [Worker-82] WARN  o.e.m.c.i.embedder.EclipseLogger - Using platform encoding (Cp1252 actually) to copy filtered resources, i.e. build is platform dependent!
2017-03-11 12:28:36,098 [Worker-82] INFO  o.e.m.c.i.embedder.EclipseLogger - skip non existing resourceDirectory D:\CodeRipper\CarzOnline\CarzOnlineClient\src\test\resources
2017-03-11 12:30:24,740 [Worker-74] WARN  o.e.m.c.i.embedder.EclipseLogger - Using platform encoding (Cp1252 actually) to copy filtered resources, i.e. build is platform dependent!
2017-03-11 12:30:24,742 [Worker-74] INFO  o.e.m.c.i.embedder.EclipseLogger - Copying 1 resource
2017-03-11 12:30:24,746 [Worker-74] WARN  o.e.m.c.i.embedder.EclipseLogger - Using platform encoding (Cp1252 actually) to copy filtered resources, i.e. build is platform dependent!
2017-03-11 12:30:24,747 [Worker-74] INFO  o.e.m.c.i.embedder.EclipseLogger - skip non existing resourceDirectory D:\CodeRipper\CarzOnline\CarzOnlineClient\src\test\resources
2017-03-11 12:30:33,688 [Worker-71] WARN  o.e.m.c.i.embedder.EclipseLogger - Using platform encoding (Cp1252 actually) to copy filtered resources, i.e. build is platform dependent!
2017-03-11 12:30:33,690 [Worker-71] INFO  o.e.m.c.i.embedder.EclipseLogger - Copying 1 resource
2017-03-11 12:30:33,695 [Worker-71] WARN  o.e.m.c.i.embedder.EclipseLogger - Using platform encoding (Cp1252 actually) to copy filtered resources, i.e. build is platform dependent!
2017-03-11 12:30:33,696 [Worker-71] INFO  o.e.m.c.i.embedder.EclipseLogger - skip non existing resourceDirectory D:\CodeRipper\CarzOnline\CarzOnlineClient\src\test\resources
2017-03-11 12:30:55,624 [Worker-79] WARN  o.e.m.c.i.embedder.EclipseLogger - Using platform encoding (Cp1252 actually) to copy filtered resources, i.e. build is platform dependent!
2017-03-11 12:30:55,626 [Worker-79] INFO  o.e.m.c.i.embedder.EclipseLogger - Copying 1 resource
2017-03-11 12:30:55,632 [Worker-79] WARN  o.e.m.c.i.embedder.EclipseLogger - Using platform encoding (Cp1252 actually) to copy filtered resources, i.e. build is platform dependent!
2017-03-11 12:30:55,633 [Worker-79] INFO  o.e.m.c.i.embedder.EclipseLogger - skip non existing resourceDirectory D:\CodeRipper\CarzOnline\CarzOnlineClient\src\test\resources
2017-03-11 12:31:26,027 [Worker-79] WARN  o.e.m.c.i.embedder.EclipseLogger - Using platform encoding (Cp1252 actually) to copy filtered resources, i.e. build is platform dependent!
2017-03-11 12:31:26,029 [Worker-79] INFO  o.e.m.c.i.embedder.EclipseLogger - Copying 1 resource
2017-03-11 12:31:26,033 [Worker-79] WARN  o.e.m.c.i.embedder.EclipseLogger - Using platform encoding (Cp1252 actually) to copy filtered resources, i.e. build is platform dependent!
2017-03-11 12:31:26,034 [Worker-79] INFO  o.e.m.c.i.embedder.EclipseLogger - skip non existing resourceDirectory D:\CodeRipper\CarzOnline\CarzOnlineClient\src\test\resources
2017-03-11 12:32:23,906 [Worker-85] WARN  o.e.m.c.i.embedder.EclipseLogger - Using platform encoding (Cp1252 actually) to copy filtered resources, i.e. build is platform dependent!
2017-03-11 12:32:23,907 [Worker-85] INFO  o.e.m.c.i.embedder.EclipseLogger - Copying 1 resource
2017-03-11 12:32:23,912 [Worker-85] WARN  o.e.m.c.i.embedder.EclipseLogger - Using platform encoding (Cp1252 actually) to copy filtered resources, i.e. build is platform dependent!
2017-03-11 12:32:23,913 [Worker-85] INFO  o.e.m.c.i.embedder.EclipseLogger - skip non existing resourceDirectory D:\CodeRipper\CarzOnline\CarzOnlineClient\src\test\resources
2017-03-11 12:33:16,294 [Worker-85] WARN  o.e.m.c.i.embedder.EclipseLogger - Using platform encoding (Cp1252 actually) to copy filtered resources, i.e. build is platform dependent!
2017-03-11 12:33:16,296 [Worker-85] INFO  o.e.m.c.i.embedder.EclipseLogger - Copying 1 resource
2017-03-11 12:33:16,302 [Worker-85] WARN  o.e.m.c.i.embedder.EclipseLogger - Using platform encoding (Cp1252 actually) to copy filtered resources, i.e. build is platform dependent!
2017-03-11 12:33:16,303 [Worker-85] INFO  o.e.m.c.i.embedder.EclipseLogger - skip non existing resourceDirectory D:\CodeRipper\CarzOnline\CarzOnlineClient\src\test\resources
2017-03-11 12:33:48,580 [Worker-81] WARN  o.e.m.c.i.embedder.EclipseLogger - Using platform encoding (Cp1252 actually) to copy filtered resources, i.e. build is platform dependent!
2017-03-11 12:33:48,581 [Worker-81] INFO  o.e.m.c.i.embedder.EclipseLogger - Copying 1 resource
2017-03-11 12:33:48,587 [Worker-81] WARN  o.e.m.c.i.embedder.EclipseLogger - Using platform encoding (Cp1252 actually) to copy filtered resources, i.e. build is platform dependent!
2017-03-11 12:33:48,588 [Worker-81] INFO  o.e.m.c.i.embedder.EclipseLogger - skip non existing resourceDirectory D:\CodeRipper\CarzOnline\CarzOnlineClient\src\test\resources
2017-03-11 12:35:08,552 [Worker-82] WARN  o.e.m.c.i.embedder.EclipseLogger - Using platform encoding (Cp1252 actually) to copy filtered resources, i.e. build is platform dependent!
2017-03-11 12:35:08,554 [Worker-82] INFO  o.e.m.c.i.embedder.EclipseLogger - Copying 1 resource
2017-03-11 12:35:08,557 [Worker-82] WARN  o.e.m.c.i.embedder.EclipseLogger - Using platform encoding (Cp1252 actually) to copy filtered resources, i.e. build is platform dependent!
2017-03-11 12:35:08,558 [Worker-82] INFO  o.e.m.c.i.embedder.EclipseLogger - skip non existing resourceDirectory D:\CodeRipper\CarzOnline\CarzOnlineClient\src\test\resources
2017-03-11 12:35:15,763 [Worker-71] WARN  o.e.m.c.i.embedder.EclipseLogger - Using platform encoding (Cp1252 actually) to copy filtered resources, i.e. build is platform dependent!
2017-03-11 12:35:15,765 [Worker-71] INFO  o.e.m.c.i.embedder.EclipseLogger - Copying 1 resource
2017-03-11 12:35:15,770 [Worker-71] WARN  o.e.m.c.i.embedder.EclipseLogger - Using platform encoding (Cp1252 actually) to copy filtered resources, i.e. build is platform dependent!
2017-03-11 12:35:15,771 [Worker-71] INFO  o.e.m.c.i.embedder.EclipseLogger - skip non existing resourceDirectory D:\CodeRipper\CarzOnline\CarzOnlineClient\src\test\resources
2017-03-11 12:35:52,512 [Worker-81] WARN  o.e.m.c.i.embedder.EclipseLogger - Using platform encoding (Cp1252 actually) to copy filtered resources, i.e. build is platform dependent!
2017-03-11 12:35:52,514 [Worker-81] INFO  o.e.m.c.i.embedder.EclipseLogger - Copying 1 resource
2017-03-11 12:35:52,517 [Worker-81] WARN  o.e.m.c.i.embedder.EclipseLogger - Using platform encoding (Cp1252 actually) to copy filtered resources, i.e. build is platform dependent!
2017-03-11 12:35:52,518 [Worker-81] INFO  o.e.m.c.i.embedder.EclipseLogger - skip non existing resourceDirectory D:\CodeRipper\CarzOnline\CarzOnlineClient\src\test\resources
2017-03-11 12:36:05,783 [Worker-81] WARN  o.e.m.c.i.embedder.EclipseLogger - Using platform encoding (Cp1252 actually) to copy filtered resources, i.e. build is platform dependent!
2017-03-11 12:36:05,785 [Worker-81] INFO  o.e.m.c.i.embedder.EclipseLogger - Copying 1 resource
2017-03-11 12:36:05,790 [Worker-81] WARN  o.e.m.c.i.embedder.EclipseLogger - Using platform encoding (Cp1252 actually) to copy filtered resources, i.e. build is platform dependent!
2017-03-11 12:36:05,791 [Worker-81] INFO  o.e.m.c.i.embedder.EclipseLogger - skip non existing resourceDirectory D:\CodeRipper\CarzOnline\CarzOnlineClient\src\test\resources
2017-03-11 12:36:17,414 [Worker-73] WARN  o.e.m.c.i.embedder.EclipseLogger - Using platform encoding (Cp1252 actually) to copy filtered resources, i.e. build is platform dependent!
2017-03-11 12:36:17,416 [Worker-73] INFO  o.e.m.c.i.embedder.EclipseLogger - Copying 1 resource
2017-03-11 12:36:17,419 [Worker-73] WARN  o.e.m.c.i.embedder.EclipseLogger - Using platform encoding (Cp1252 actually) to copy filtered resources, i.e. build is platform dependent!
2017-03-11 12:36:17,420 [Worker-73] INFO  o.e.m.c.i.embedder.EclipseLogger - skip non existing resourceDirectory D:\CodeRipper\CarzOnline\CarzOnlineClient\src\test\resources
2017-03-11 12:36:27,880 [Worker-85] WARN  o.e.m.c.i.embedder.EclipseLogger - Using platform encoding (Cp1252 actually) to copy filtered resources, i.e. build is platform dependent!
2017-03-11 12:36:27,882 [Worker-85] INFO  o.e.m.c.i.embedder.EclipseLogger - Copying 1 resource
2017-03-11 12:36:27,888 [Worker-85] WARN  o.e.m.c.i.embedder.EclipseLogger - Using platform encoding (Cp1252 actually) to copy filtered resources, i.e. build is platform dependent!
2017-03-11 12:36:27,889 [Worker-85] INFO  o.e.m.c.i.embedder.EclipseLogger - skip non existing resourceDirectory D:\CodeRipper\CarzOnline\CarzOnlineClient\src\test\resources
2017-03-11 12:40:09,175 [Worker-88] WARN  o.e.m.c.i.embedder.EclipseLogger - Using platform encoding (Cp1252 actually) to copy filtered resources, i.e. build is platform dependent!
2017-03-11 12:40:09,177 [Worker-88] INFO  o.e.m.c.i.embedder.EclipseLogger - Copying 0 resource
2017-03-11 12:40:09,180 [Worker-88] WARN  o.e.m.c.i.embedder.EclipseLogger - Using platform encoding (Cp1252 actually) to copy filtered resources, i.e. build is platform dependent!
2017-03-11 12:40:09,181 [Worker-88] INFO  o.e.m.c.i.embedder.EclipseLogger - skip non existing resourceDirectory D:\CodeRipper\CarzOnline\CarzOnlineClient\src\test\resources
2017-03-11 12:40:42,150 [Worker-86] WARN  o.e.m.c.i.embedder.EclipseLogger - Using platform encoding (Cp1252 actually) to copy filtered resources, i.e. build is platform dependent!
2017-03-11 12:40:42,152 [Worker-86] INFO  o.e.m.c.i.embedder.EclipseLogger - Copying 0 resource
2017-03-11 12:40:42,156 [Worker-86] WARN  o.e.m.c.i.embedder.EclipseLogger - Using platform encoding (Cp1252 actually) to copy filtered resources, i.e. build is platform dependent!
2017-03-11 12:40:42,157 [Worker-86] INFO  o.e.m.c.i.embedder.EclipseLogger - skip non existing resourceDirectory D:\CodeRipper\CarzOnline\CarzOnlineClient\src\test\resources
2017-03-11 12:44:41,713 [Worker-86] WARN  o.e.m.c.i.embedder.EclipseLogger - Using platform encoding (Cp1252 actually) to copy filtered resources, i.e. build is platform dependent!
2017-03-11 12:44:41,939 [Worker-86] INFO  o.e.m.c.i.embedder.EclipseLogger - Copying 2 resources
2017-03-11 12:44:41,951 [Worker-86] WARN  o.e.m.c.i.embedder.EclipseLogger - Using platform encoding (Cp1252 actually) to copy filtered resources, i.e. build is platform dependent!
2017-03-11 12:44:41,952 [Worker-86] INFO  o.e.m.c.i.embedder.EclipseLogger - skip non existing resourceDirectory D:\CodeRipper\CarzOnline\CarzOnlineClient\src\test\resources
2017-03-11 12:45:03,519 [Worker-93] WARN  o.e.m.c.i.embedder.EclipseLogger - Using platform encoding (Cp1252 actually) to copy filtered resources, i.e. build is platform dependent!
2017-03-11 12:45:03,522 [Worker-93] INFO  o.e.m.c.i.embedder.EclipseLogger - Copying 2 resources
2017-03-11 12:45:03,526 [Worker-93] WARN  o.e.m.c.i.embedder.EclipseLogger - Using platform encoding (Cp1252 actually) to copy filtered resources, i.e. build is platform dependent!
2017-03-11 12:45:03,527 [Worker-93] INFO  o.e.m.c.i.embedder.EclipseLogger - skip non existing resourceDirectory D:\CodeRipper\CarzOnline\CarzOnlineClient\src\test\resources
2017-03-11 12:45:42,869 [Worker-83] WARN  o.e.m.c.i.embedder.EclipseLogger - Using platform encoding (Cp1252 actually) to copy filtered resources, i.e. build is platform dependent!
2017-03-11 12:45:42,875 [Worker-83] INFO  o.e.m.c.i.embedder.EclipseLogger - Copying 2 resources
2017-03-11 12:45:42,879 [Worker-83] WARN  o.e.m.c.i.embedder.EclipseLogger - Using platform encoding (Cp1252 actually) to copy filtered resources, i.e. build is platform dependent!
2017-03-11 12:45:42,880 [Worker-83] INFO  o.e.m.c.i.embedder.EclipseLogger - skip non existing resourceDirectory D:\CodeRipper\CarzOnline\CarzOnlineClient\src\test\resources
2017-03-11 12:46:02,446 [Worker-83] WARN  o.e.m.c.i.embedder.EclipseLogger - Using platform encoding (Cp1252 actually) to copy filtered resources, i.e. build is platform dependent!
2017-03-11 12:46:02,448 [Worker-83] INFO  o.e.m.c.i.embedder.EclipseLogger - Copying 2 resources
2017-03-11 12:46:02,452 [Worker-83] WARN  o.e.m.c.i.embedder.EclipseLogger - Using platform encoding (Cp1252 actually) to copy filtered resources, i.e. build is platform dependent!
2017-03-11 12:46:02,453 [Worker-83] INFO  o.e.m.c.i.embedder.EclipseLogger - skip non existing resourceDirectory D:\CodeRipper\CarzOnline\CarzOnlineClient\src\test\resources
2017-03-11 12:46:58,552 [Worker-97] WARN  o.e.m.c.i.embedder.EclipseLogger - Using platform encoding (Cp1252 actually) to copy filtered resources, i.e. build is platform dependent!
2017-03-11 12:46:58,554 [Worker-97] INFO  o.e.m.c.i.embedder.EclipseLogger - Copying 2 resources
2017-03-11 12:46:58,559 [Worker-97] WARN  o.e.m.c.i.embedder.EclipseLogger - Using platform encoding (Cp1252 actually) to copy filtered resources, i.e. build is platform dependent!
2017-03-11 12:46:58,560 [Worker-97] INFO  o.e.m.c.i.embedder.EclipseLogger - skip non existing resourceDirectory D:\CodeRipper\CarzOnline\CarzOnlineClient\src\test\resources
2017-03-11 12:47:11,956 [Worker-97] WARN  o.e.m.c.i.embedder.EclipseLogger - Using platform encoding (Cp1252 actually) to copy filtered resources, i.e. build is platform dependent!
2017-03-11 12:47:11,958 [Worker-97] INFO  o.e.m.c.i.embedder.EclipseLogger - Copying 2 resources
2017-03-11 12:47:11,962 [Worker-97] WARN  o.e.m.c.i.embedder.EclipseLogger - Using platform encoding (Cp1252 actually) to copy filtered resources, i.e. build is platform dependent!
2017-03-11 12:47:11,963 [Worker-97] INFO  o.e.m.c.i.embedder.EclipseLogger - skip non existing resourceDirectory D:\CodeRipper\CarzOnline\CarzOnlineClient\src\test\resources
2017-03-11 12:47:36,551 [Worker-86] WARN  o.e.m.c.i.embedder.EclipseLogger - Using platform encoding (Cp1252 actually) to copy filtered resources, i.e. build is platform dependent!
2017-03-11 12:47:36,553 [Worker-86] INFO  o.e.m.c.i.embedder.EclipseLogger - Copying 2 resources
2017-03-11 12:47:36,557 [Worker-86] WARN  o.e.m.c.i.embedder.EclipseLogger - Using platform encoding (Cp1252 actually) to copy filtered resources, i.e. build is platform dependent!
2017-03-11 12:47:36,557 [Worker-86] INFO  o.e.m.c.i.embedder.EclipseLogger - skip non existing resourceDirectory D:\CodeRipper\CarzOnline\CarzOnlineClient\src\test\resources
2017-03-11 12:48:25,243 [Worker-97] WARN  o.e.m.c.i.embedder.EclipseLogger - Using platform encoding (Cp1252 actually) to copy filtered resources, i.e. build is platform dependent!
2017-03-11 12:48:25,245 [Worker-97] INFO  o.e.m.c.i.embedder.EclipseLogger - Copying 2 resources
2017-03-11 12:48:25,249 [Worker-97] WARN  o.e.m.c.i.embedder.EclipseLogger - Using platform encoding (Cp1252 actually) to copy filtered resources, i.e. build is platform dependent!
2017-03-11 12:48:25,250 [Worker-97] INFO  o.e.m.c.i.embedder.EclipseLogger - skip non existing resourceDirectory D:\CodeRipper\CarzOnline\CarzOnlineClient\src\test\resources
2017-03-11 12:48:28,998 [Worker-93] WARN  o.e.m.c.i.embedder.EclipseLogger - Using platform encoding (Cp1252 actually) to copy filtered resources, i.e. build is platform dependent!
2017-03-11 12:48:28,999 [Worker-93] INFO  o.e.m.c.i.embedder.EclipseLogger - Copying 2 resources
2017-03-11 12:48:29,003 [Worker-93] WARN  o.e.m.c.i.embedder.EclipseLogger - Using platform encoding (Cp1252 actually) to copy filtered resources, i.e. build is platform dependent!
2017-03-11 12:48:29,004 [Worker-93] INFO  o.e.m.c.i.embedder.EclipseLogger - skip non existing resourceDirectory D:\CodeRipper\CarzOnline\CarzOnlineClient\src\test\resources
2017-03-11 12:49:47,098 [Worker-93] WARN  o.e.m.c.i.embedder.EclipseLogger - Using platform encoding (Cp1252 actually) to copy filtered resources, i.e. build is platform dependent!
2017-03-11 12:49:47,099 [Worker-93] INFO  o.e.m.c.i.embedder.EclipseLogger - Copying 0 resource
2017-03-11 12:49:47,102 [Worker-93] WARN  o.e.m.c.i.embedder.EclipseLogger - Using platform encoding (Cp1252 actually) to copy filtered resources, i.e. build is platform dependent!
2017-03-11 12:49:47,102 [Worker-93] INFO  o.e.m.c.i.embedder.EclipseLogger - skip non existing resourceDirectory D:\CodeRipper\CarzOnline\CarzOnlineClient\src\test\resources
2017-03-11 12:49:56,037 [Worker-93] WARN  o.e.m.c.i.embedder.EclipseLogger - Using platform encoding (Cp1252 actually) to copy filtered resources, i.e. build is platform dependent!
2017-03-11 12:49:56,038 [Worker-93] INFO  o.e.m.c.i.embedder.EclipseLogger - Copying 0 resource
2017-03-11 12:49:56,042 [Worker-93] WARN  o.e.m.c.i.embedder.EclipseLogger - Using platform encoding (Cp1252 actually) to copy filtered resources, i.e. build is platform dependent!
2017-03-11 12:49:56,043 [Worker-93] INFO  o.e.m.c.i.embedder.EclipseLogger - skip non existing resourceDirectory D:\CodeRipper\CarzOnline\CarzOnlineClient\src\test\resources
2017-03-11 12:50:13,051 [Worker-97] WARN  o.e.m.c.i.embedder.EclipseLogger - Using platform encoding (Cp1252 actually) to copy filtered resources, i.e. build is platform dependent!
2017-03-11 12:50:13,053 [Worker-97] INFO  o.e.m.c.i.embedder.EclipseLogger - Copying 0 resource
2017-03-11 12:50:13,056 [Worker-97] WARN  o.e.m.c.i.embedder.EclipseLogger - Using platform encoding (Cp1252 actually) to copy filtered resources, i.e. build is platform dependent!
2017-03-11 12:50:13,057 [Worker-97] INFO  o.e.m.c.i.embedder.EclipseLogger - skip non existing resourceDirectory D:\CodeRipper\CarzOnline\CarzOnlineClient\src\test\resources
2017-03-11 12:51:11,566 [Worker-96] WARN  o.e.m.c.i.embedder.EclipseLogger - Using platform encoding (Cp1252 actually) to copy filtered resources, i.e. build is platform dependent!
2017-03-11 12:51:11,569 [Worker-96] INFO  o.e.m.c.i.embedder.EclipseLogger - Copying 2 resources
2017-03-11 12:51:11,572 [Worker-96] WARN  o.e.m.c.i.embedder.EclipseLogger - Using platform encoding (Cp1252 actually) to copy filtered resources, i.e. build is platform dependent!
2017-03-11 12:51:11,573 [Worker-96] INFO  o.e.m.c.i.embedder.EclipseLogger - skip non existing resourceDirectory D:\CodeRipper\CarzOnline\CarzOnlineClient\src\test\resources
2017-03-11 12:51:16,935 [Worker-94] WARN  o.e.m.c.i.embedder.EclipseLogger - Using platform encoding (Cp1252 actually) to copy filtered resources, i.e. build is platform dependent!
2017-03-11 12:51:16,938 [Worker-94] INFO  o.e.m.c.i.embedder.EclipseLogger - Copying 2 resources
2017-03-11 12:51:16,941 [Worker-94] WARN  o.e.m.c.i.embedder.EclipseLogger - Using platform encoding (Cp1252 actually) to copy filtered resources, i.e. build is platform dependent!
2017-03-11 12:51:16,942 [Worker-94] INFO  o.e.m.c.i.embedder.EclipseLogger - skip non existing resourceDirectory D:\CodeRipper\CarzOnline\CarzOnlineClient\src\test\resources
2017-03-11 12:51:29,988 [Worker-94] WARN  o.e.m.c.i.embedder.EclipseLogger - Using platform encoding (Cp1252 actually) to copy filtered resources, i.e. build is platform dependent!
2017-03-11 12:51:29,990 [Worker-94] INFO  o.e.m.c.i.embedder.EclipseLogger - Copying 0 resource
2017-03-11 12:51:29,993 [Worker-94] WARN  o.e.m.c.i.embedder.EclipseLogger - Using platform encoding (Cp1252 actually) to copy filtered resources, i.e. build is platform dependent!
2017-03-11 12:51:29,994 [Worker-94] INFO  o.e.m.c.i.embedder.EclipseLogger - skip non existing resourceDirectory D:\CodeRipper\CarzOnline\CarzOnlineClient\src\test\resources
2017-03-11 12:51:51,757 [Worker-83] WARN  o.e.m.c.i.embedder.EclipseLogger - Using platform encoding (Cp1252 actually) to copy filtered resources, i.e. build is platform dependent!
2017-03-11 12:51:51,759 [Worker-83] INFO  o.e.m.c.i.embedder.EclipseLogger - Copying 2 resources
2017-03-11 12:51:51,762 [Worker-83] WARN  o.e.m.c.i.embedder.EclipseLogger - Using platform encoding (Cp1252 actually) to copy filtered resources, i.e. build is platform dependent!
2017-03-11 12:51:51,763 [Worker-83] INFO  o.e.m.c.i.embedder.EclipseLogger - skip non existing resourceDirectory D:\CodeRipper\CarzOnline\CarzOnlineClient\src\test\resources
2017-03-11 12:52:21,176 [Worker-94] WARN  o.e.m.c.i.embedder.EclipseLogger - Using platform encoding (Cp1252 actually) to copy filtered resources, i.e. build is platform dependent!
2017-03-11 12:52:21,178 [Worker-94] INFO  o.e.m.c.i.embedder.EclipseLogger - Copying 2 resources
2017-03-11 12:52:21,181 [Worker-94] WARN  o.e.m.c.i.embedder.EclipseLogger - Using platform encoding (Cp1252 actually) to copy filtered resources, i.e. build is platform dependent!
2017-03-11 12:52:21,182 [Worker-94] INFO  o.e.m.c.i.embedder.EclipseLogger - skip non existing resourceDirectory D:\CodeRipper\CarzOnline\CarzOnlineClient\src\test\resources
2017-03-11 12:52:31,057 [Worker-96] WARN  o.e.m.c.i.embedder.EclipseLogger - Using platform encoding (Cp1252 actually) to copy filtered resources, i.e. build is platform dependent!
2017-03-11 12:52:31,058 [Worker-96] INFO  o.e.m.c.i.embedder.EclipseLogger - Copying 2 resources
2017-03-11 12:52:31,061 [Worker-96] WARN  o.e.m.c.i.embedder.EclipseLogger - Using platform encoding (Cp1252 actually) to copy filtered resources, i.e. build is platform dependent!
2017-03-11 12:52:31,061 [Worker-96] INFO  o.e.m.c.i.embedder.EclipseLogger - skip non existing resourceDirectory D:\CodeRipper\CarzOnline\CarzOnlineClient\src\test\resources
2017-03-11 12:52:53,944 [Worker-93] WARN  o.e.m.c.i.embedder.EclipseLogger - Using platform encoding (Cp1252 actually) to copy filtered resources, i.e. build is platform dependent!
2017-03-11 12:52:53,946 [Worker-93] INFO  o.e.m.c.i.embedder.EclipseLogger - Copying 2 resources
2017-03-11 12:52:53,949 [Worker-93] WARN  o.e.m.c.i.embedder.EclipseLogger - Using platform encoding (Cp1252 actually) to copy filtered resources, i.e. build is platform dependent!
2017-03-11 12:52:53,949 [Worker-93] INFO  o.e.m.c.i.embedder.EclipseLogger - skip non existing resourceDirectory D:\CodeRipper\CarzOnline\CarzOnlineClient\src\test\resources
2017-03-11 12:53:03,013 [Worker-86] WARN  o.e.m.c.i.embedder.EclipseLogger - Using platform encoding (Cp1252 actually) to copy filtered resources, i.e. build is platform dependent!
2017-03-11 12:53:03,014 [Worker-86] INFO  o.e.m.c.i.embedder.EclipseLogger - Copying 2 resources
2017-03-11 12:53:03,016 [Worker-86] WARN  o.e.m.c.i.embedder.EclipseLogger - Using platform encoding (Cp1252 actually) to copy filtered resources, i.e. build is platform dependent!
2017-03-11 12:53:03,017 [Worker-86] INFO  o.e.m.c.i.embedder.EclipseLogger - skip non existing resourceDirectory D:\CodeRipper\CarzOnline\CarzOnlineClient\src\test\resources
2017-03-11 12:53:17,127 [Worker-74] WARN  o.e.m.c.i.embedder.EclipseLogger - Using platform encoding (Cp1252 actually) to copy filtered resources, i.e. build is platform dependent!
2017-03-11 12:53:17,129 [Worker-74] INFO  o.e.m.c.i.embedder.EclipseLogger - Copying 2 resources
2017-03-11 12:53:17,132 [Worker-74] WARN  o.e.m.c.i.embedder.EclipseLogger - Using platform encoding (Cp1252 actually) to copy filtered resources, i.e. build is platform dependent!
2017-03-11 12:53:17,133 [Worker-74] INFO  o.e.m.c.i.embedder.EclipseLogger - skip non existing resourceDirectory D:\CodeRipper\CarzOnline\CarzOnlineClient\src\test\resources
2017-03-11 12:53:24,933 [Worker-89] WARN  o.e.m.c.i.embedder.EclipseLogger - Using platform encoding (Cp1252 actually) to copy filtered resources, i.e. build is platform dependent!
2017-03-11 12:53:24,935 [Worker-89] INFO  o.e.m.c.i.embedder.EclipseLogger - Copying 2 resources
2017-03-11 12:53:24,938 [Worker-89] WARN  o.e.m.c.i.embedder.EclipseLogger - Using platform encoding (Cp1252 actually) to copy filtered resources, i.e. build is platform dependent!
2017-03-11 12:53:24,940 [Worker-89] INFO  o.e.m.c.i.embedder.EclipseLogger - skip non existing resourceDirectory D:\CodeRipper\CarzOnline\CarzOnlineClient\src\test\resources
2017-03-11 12:54:08,415 [Worker-100] WARN  o.e.m.c.i.embedder.EclipseLogger - Using platform encoding (Cp1252 actually) to copy filtered resources, i.e. build is platform dependent!
2017-03-11 12:54:08,417 [Worker-100] INFO  o.e.m.c.i.embedder.EclipseLogger - Copying 2 resources
2017-03-11 12:54:08,422 [Worker-100] WARN  o.e.m.c.i.embedder.EclipseLogger - Using platform encoding (Cp1252 actually) to copy filtered resources, i.e. build is platform dependent!
2017-03-11 12:54:08,423 [Worker-100] INFO  o.e.m.c.i.embedder.EclipseLogger - skip non existing resourceDirectory D:\CodeRipper\CarzOnline\CarzOnlineClient\src\test\resources
2017-03-11 12:54:16,547 [Worker-96] WARN  o.e.m.c.i.embedder.EclipseLogger - Using platform encoding (Cp1252 actually) to copy filtered resources, i.e. build is platform dependent!
2017-03-11 12:54:16,548 [Worker-96] INFO  o.e.m.c.i.embedder.EclipseLogger - Copying 2 resources
2017-03-11 12:54:16,550 [Worker-96] WARN  o.e.m.c.i.embedder.EclipseLogger - Using platform encoding (Cp1252 actually) to copy filtered resources, i.e. build is platform dependent!
2017-03-11 12:54:16,551 [Worker-96] INFO  o.e.m.c.i.embedder.EclipseLogger - skip non existing resourceDirectory D:\CodeRipper\CarzOnline\CarzOnlineClient\src\test\resources
2017-03-11 12:55:17,134 [Worker-98] WARN  o.e.m.c.i.embedder.EclipseLogger - Using platform encoding (Cp1252 actually) to copy filtered resources, i.e. build is platform dependent!
2017-03-11 12:55:17,136 [Worker-98] INFO  o.e.m.c.i.embedder.EclipseLogger - Copying 2 resources
2017-03-11 12:55:17,139 [Worker-98] WARN  o.e.m.c.i.embedder.EclipseLogger - Using platform encoding (Cp1252 actually) to copy filtered resources, i.e. build is platform dependent!
2017-03-11 12:55:17,141 [Worker-98] INFO  o.e.m.c.i.embedder.EclipseLogger - skip non existing resourceDirectory D:\CodeRipper\CarzOnline\CarzOnlineClient\src\test\resources
2017-03-11 12:55:44,109 [Worker-97] WARN  o.e.m.c.i.embedder.EclipseLogger - Using platform encoding (Cp1252 actually) to copy filtered resources, i.e. build is platform dependent!
2017-03-11 12:55:44,111 [Worker-97] INFO  o.e.m.c.i.embedder.EclipseLogger - Copying 0 resource
2017-03-11 12:55:44,114 [Worker-97] WARN  o.e.m.c.i.embedder.EclipseLogger - Using platform encoding (Cp1252 actually) to copy filtered resources, i.e. build is platform dependent!
2017-03-11 12:55:44,115 [Worker-97] INFO  o.e.m.c.i.embedder.EclipseLogger - skip non existing resourceDirectory D:\CodeRipper\CarzOnline\CarzOnlineClient\src\test\resources
2017-03-11 12:56:15,772 [Worker-97] WARN  o.e.m.c.i.embedder.EclipseLogger - Using platform encoding (Cp1252 actually) to copy filtered resources, i.e. build is platform dependent!
2017-03-11 12:56:15,773 [Worker-97] INFO  o.e.m.c.i.embedder.EclipseLogger - Copying 0 resource
2017-03-11 12:56:15,778 [Worker-97] WARN  o.e.m.c.i.embedder.EclipseLogger - Using platform encoding (Cp1252 actually) to copy filtered resources, i.e. build is platform dependent!
2017-03-11 12:56:15,780 [Worker-97] INFO  o.e.m.c.i.embedder.EclipseLogger - skip non existing resourceDirectory D:\CodeRipper\CarzOnline\CarzOnlineClient\src\test\resources
2017-03-11 12:57:41,922 [Worker-83] WARN  o.e.m.c.i.embedder.EclipseLogger - Using platform encoding (Cp1252 actually) to copy filtered resources, i.e. build is platform dependent!
2017-03-11 12:57:41,924 [Worker-83] INFO  o.e.m.c.i.embedder.EclipseLogger - Copying 0 resource
2017-03-11 12:57:41,927 [Worker-83] WARN  o.e.m.c.i.embedder.EclipseLogger - Using platform encoding (Cp1252 actually) to copy filtered resources, i.e. build is platform dependent!
2017-03-11 12:57:41,928 [Worker-83] INFO  o.e.m.c.i.embedder.EclipseLogger - skip non existing resourceDirectory D:\CodeRipper\CarzOnline\CarzOnlineClient\src\test\resources
2017-03-11 12:58:02,239 [Worker-97] WARN  o.e.m.c.i.embedder.EclipseLogger - Using platform encoding (Cp1252 actually) to copy filtered resources, i.e. build is platform dependent!
2017-03-11 12:58:02,241 [Worker-97] INFO  o.e.m.c.i.embedder.EclipseLogger - Copying 0 resource
2017-03-11 12:58:02,246 [Worker-97] WARN  o.e.m.c.i.embedder.EclipseLogger - Using platform encoding (Cp1252 actually) to copy filtered resources, i.e. build is platform dependent!
2017-03-11 12:58:02,247 [Worker-97] INFO  o.e.m.c.i.embedder.EclipseLogger - skip non existing resourceDirectory D:\CodeRipper\CarzOnline\CarzOnlineClient\src\test\resources
2017-03-11 13:00:31,926 [Worker-104] WARN  o.e.m.c.i.embedder.EclipseLogger - Using platform encoding (Cp1252 actually) to copy filtered resources, i.e. build is platform dependent!
2017-03-11 13:00:31,928 [Worker-104] INFO  o.e.m.c.i.embedder.EclipseLogger - Copying 2 resources
2017-03-11 13:00:31,932 [Worker-104] WARN  o.e.m.c.i.embedder.EclipseLogger - Using platform encoding (Cp1252 actually) to copy filtered resources, i.e. build is platform dependent!
2017-03-11 13:00:31,933 [Worker-104] INFO  o.e.m.c.i.embedder.EclipseLogger - skip non existing resourceDirectory D:\CodeRipper\CarzOnline\CarzOnlineClient\src\test\resources
2017-03-11 13:01:07,759 [Worker-94] WARN  o.e.m.c.i.embedder.EclipseLogger - Using platform encoding (Cp1252 actually) to copy filtered resources, i.e. build is platform dependent!
2017-03-11 13:01:07,761 [Worker-94] INFO  o.e.m.c.i.embedder.EclipseLogger - Copying 0 resource
2017-03-11 13:01:07,764 [Worker-94] WARN  o.e.m.c.i.embedder.EclipseLogger - Using platform encoding (Cp1252 actually) to copy filtered resources, i.e. build is platform dependent!
2017-03-11 13:01:07,766 [Worker-94] INFO  o.e.m.c.i.embedder.EclipseLogger - skip non existing resourceDirectory D:\CodeRipper\CarzOnline\CarzOnlineClient\src\test\resources
2017-03-11 13:03:47,562 [Worker-105] WARN  o.e.m.c.i.embedder.EclipseLogger - Using platform encoding (Cp1252 actually) to copy filtered resources, i.e. build is platform dependent!
2017-03-11 13:03:47,564 [Worker-105] INFO  o.e.m.c.i.embedder.EclipseLogger - Copying 0 resource
2017-03-11 13:03:47,568 [Worker-105] WARN  o.e.m.c.i.embedder.EclipseLogger - Using platform encoding (Cp1252 actually) to copy filtered resources, i.e. build is platform dependent!
2017-03-11 13:03:47,569 [Worker-105] INFO  o.e.m.c.i.embedder.EclipseLogger - skip non existing resourceDirectory D:\CodeRipper\CarzOnline\CarzOnlineClient\src\test\resources
2017-03-11 13:04:35,983 [Worker-108] WARN  o.e.m.c.i.embedder.EclipseLogger - Using platform encoding (Cp1252 actually) to copy filtered resources, i.e. build is platform dependent!
2017-03-11 13:04:35,984 [Worker-108] INFO  o.e.m.c.i.embedder.EclipseLogger - Copying 0 resource
2017-03-11 13:04:35,986 [Worker-108] WARN  o.e.m.c.i.embedder.EclipseLogger - Using platform encoding (Cp1252 actually) to copy filtered resources, i.e. build is platform dependent!
2017-03-11 13:04:35,987 [Worker-108] INFO  o.e.m.c.i.embedder.EclipseLogger - skip non existing resourceDirectory D:\CodeRipper\CarzOnline\CarzOnlineClient\src\test\resources
2017-03-11 13:04:40,938 [Worker-110] WARN  o.e.m.c.i.embedder.EclipseLogger - Using platform encoding (Cp1252 actually) to copy filtered resources, i.e. build is platform dependent!
2017-03-11 13:04:40,939 [Worker-110] INFO  o.e.m.c.i.embedder.EclipseLogger - Copying 0 resource
2017-03-11 13:04:40,943 [Worker-110] WARN  o.e.m.c.i.embedder.EclipseLogger - Using platform encoding (Cp1252 actually) to copy filtered resources, i.e. build is platform dependent!
2017-03-11 13:04:40,945 [Worker-110] INFO  o.e.m.c.i.embedder.EclipseLogger - skip non existing resourceDirectory D:\CodeRipper\CarzOnline\CarzOnlineClient\src\test\resources
2017-03-11 13:30:30,904 [Worker-117] WARN  o.e.m.c.i.embedder.EclipseLogger - Using platform encoding (Cp1252 actually) to copy filtered resources, i.e. build is platform dependent!
2017-03-11 13:30:30,944 [Worker-117] INFO  o.e.m.c.i.embedder.EclipseLogger - Copying 2 resources
2017-03-11 13:30:30,948 [Worker-117] WARN  o.e.m.c.i.embedder.EclipseLogger - Using platform encoding (Cp1252 actually) to copy filtered resources, i.e. build is platform dependent!
2017-03-11 13:30:30,949 [Worker-117] INFO  o.e.m.c.i.embedder.EclipseLogger - skip non existing resourceDirectory D:\CodeRipper\CarzOnline\CarzOnlineClient\src\test\resources
2017-03-11 13:30:36,843 [Worker-118] WARN  o.e.m.c.i.embedder.EclipseLogger - Using platform encoding (Cp1252 actually) to copy filtered resources, i.e. build is platform dependent!
2017-03-11 13:30:36,846 [Worker-118] INFO  o.e.m.c.i.embedder.EclipseLogger - Copying 2 resources
2017-03-11 13:30:36,852 [Worker-118] WARN  o.e.m.c.i.embedder.EclipseLogger - Using platform encoding (Cp1252 actually) to copy filtered resources, i.e. build is platform dependent!
2017-03-11 13:30:36,853 [Worker-118] INFO  o.e.m.c.i.embedder.EclipseLogger - skip non existing resourceDirectory D:\CodeRipper\CarzOnline\CarzOnlineClient\src\test\resources
2017-03-11 13:30:42,846 [Worker-121] WARN  o.e.m.c.i.embedder.EclipseLogger - Using platform encoding (Cp1252 actually) to copy filtered resources, i.e. build is platform dependent!
2017-03-11 13:30:42,849 [Worker-121] INFO  o.e.m.c.i.embedder.EclipseLogger - Copying 2 resources
2017-03-11 13:30:42,855 [Worker-121] WARN  o.e.m.c.i.embedder.EclipseLogger - Using platform encoding (Cp1252 actually) to copy filtered resources, i.e. build is platform dependent!
2017-03-11 13:30:42,856 [Worker-121] INFO  o.e.m.c.i.embedder.EclipseLogger - skip non existing resourceDirectory D:\CodeRipper\CarzOnline\CarzOnlineClient\src\test\resources
2017-03-11 13:31:02,516 [Worker-121] WARN  o.e.m.c.i.embedder.EclipseLogger - Using platform encoding (Cp1252 actually) to copy filtered resources, i.e. build is platform dependent!
2017-03-11 13:31:02,517 [Worker-121] INFO  o.e.m.c.i.embedder.EclipseLogger - Copying 0 resource
2017-03-11 13:31:02,519 [Worker-121] WARN  o.e.m.c.i.embedder.EclipseLogger - Using platform encoding (Cp1252 actually) to copy filtered resources, i.e. build is platform dependent!
2017-03-11 13:31:02,520 [Worker-121] INFO  o.e.m.c.i.embedder.EclipseLogger - skip non existing resourceDirectory D:\CodeRipper\CarzOnline\CarzOnlineClient\src\test\resources
